
*** Running vivado
    with args -log ebaz4205_axi_gpio_0_2.vds -m64 -product Vivado -mode batch -messageDb vivado.pb -notrace -source ebaz4205_axi_gpio_0_2.tcl


****** Vivado v2022.2 (64-bit)
  **** SW Build 3671981 on Fri Oct 14 04:59:54 MDT 2022
  **** IP Build 3669848 on Fri Oct 14 08:30:02 MDT 2022
    ** Copyright 1986-2022 Xilinx, Inc. All Rights Reserved.

source ebaz4205_axi_gpio_0_2.tcl -notrace
create_project: Time (s): cpu = 00:00:06 ; elapsed = 00:00:07 . Memory (MB): peak = 1397.480 ; gain = 0.023 ; free physical = 10493 ; free virtual = 14931
INFO: [IP_Flow 19-234] Refreshing IP repositories
INFO: [IP_Flow 19-1700] Loaded user IP repository '/media/guido/Acer/EBAZ4205_SDR_HDMI/Zynq/axis-capture'.
INFO: [IP_Flow 19-1700] Loaded user IP repository '/media/guido/Acer/PS2_mouse_IP'.
INFO: [IP_Flow 19-1700] Loaded user IP repository '/media/guido/Acer/EBAZ4205_SDR_HDMI/Zynq/axi_dynclk_v1_0'.
INFO: [IP_Flow 19-1700] Loaded user IP repository '/media/guido/Acer/EBAZ4205_SDR_HDMI/Zynq/rgb2dvi'.
INFO: [IP_Flow 19-2313] Loaded Vivado IP repository '/home/guido/Xilinx-tools/Vivado/2022.2/data/ip'.
INFO: [IP_Flow 19-6924] IPCACHE: Running cache check for IP inst: ebaz4205_axi_gpio_0_2
Command: synth_design -top ebaz4205_axi_gpio_0_2 -part xc7z010clg400-1 -incremental_mode off -mode out_of_context
Starting synth_design
Attempting to get a license for feature 'Synthesis' and/or device 'xc7z010'
INFO: [Common 17-349] Got license for feature 'Synthesis' and/or device 'xc7z010'
INFO: [Device 21-403] Loading part xc7z010clg400-1
INFO: [Synth 8-7079] Multithreading enabled for synth_design using a maximum of 4 processes.
INFO: [Synth 8-7078] Launching helper process for spawning children vivado processes
INFO: [Synth 8-7075] Helper process launched with PID 816886
INFO: [Synth 8-11241] undeclared symbol 'REGCCE', assumed default net type 'wire' [/home/guido/Xilinx-tools/Vivado/2022.2/data/verilog/src/unimacro/BRAM_SINGLE_MACRO.v:2170]
---------------------------------------------------------------------------------
Starting RTL Elaboration : Time (s): cpu = 00:00:05 ; elapsed = 00:00:08 . Memory (MB): peak = 2047.648 ; gain = 369.801 ; free physical = 3437 ; free virtual = 7978
Synthesis current peak Physical Memory [PSS] (MB): peak = 1245.178; parent = 1120.834; children = 124.344
Synthesis current peak Virtual Memory [VSS] (MB): peak = 3011.184; parent = 2053.590; children = 957.594
---------------------------------------------------------------------------------
INFO: [Synth 8-638] synthesizing module 'ebaz4205_axi_gpio_0_2' [/media/guido/Acer/EBAZ4205_SDR_HDMI_PS2/Vivado/Vivado.gen/sources_1/bd/ebaz4205/ip/ebaz4205_axi_gpio_0_2/synth/ebaz4205_axi_gpio_0_2.vhd:85]
	Parameter C_FAMILY bound to: zynq - type: string 
	Parameter C_S_AXI_ADDR_WIDTH bound to: 9 - type: integer 
	Parameter C_S_AXI_DATA_WIDTH bound to: 32 - type: integer 
	Parameter C_GPIO_WIDTH bound to: 1 - type: integer 
	Parameter C_GPIO2_WIDTH bound to: 32 - type: integer 
	Parameter C_ALL_INPUTS bound to: 1 - type: integer 
	Parameter C_ALL_INPUTS_2 bound to: 0 - type: integer 
	Parameter C_ALL_OUTPUTS bound to: 0 - type: integer 
	Parameter C_ALL_OUTPUTS_2 bound to: 0 - type: integer 
	Parameter C_INTERRUPT_PRESENT bound to: 1 - type: integer 
	Parameter C_DOUT_DEFAULT bound to: 32'b00000000000000000000000000000000 
	Parameter C_TRI_DEFAULT bound to: 32'b11111111111111111111111111111111 
	Parameter C_IS_DUAL bound to: 0 - type: integer 
	Parameter C_DOUT_DEFAULT_2 bound to: 32'b00000000000000000000000000000000 
	Parameter C_TRI_DEFAULT_2 bound to: 32'b11111111111111111111111111111111 
INFO: [Synth 8-3491] module 'axi_gpio' declared at '/media/guido/Acer/EBAZ4205_SDR_HDMI_PS2/Vivado/Vivado.gen/sources_1/bd/ebaz4205/ipshared/6219/hdl/axi_gpio_v2_0_vh_rfs.vhd:1265' bound to instance 'U0' of component 'axi_gpio' [/media/guido/Acer/EBAZ4205_SDR_HDMI_PS2/Vivado/Vivado.gen/sources_1/bd/ebaz4205/ip/ebaz4205_axi_gpio_0_2/synth/ebaz4205_axi_gpio_0_2.vhd:171]
INFO: [Synth 8-638] synthesizing module 'axi_gpio' [/media/guido/Acer/EBAZ4205_SDR_HDMI_PS2/Vivado/Vivado.gen/sources_1/bd/ebaz4205/ipshared/6219/hdl/axi_gpio_v2_0_vh_rfs.vhd:1351]
INFO: [Synth 8-638] synthesizing module 'axi_lite_ipif' [/media/guido/Acer/EBAZ4205_SDR_HDMI_PS2/Vivado/Vivado.gen/sources_1/bd/ebaz4205/ipshared/66ea/hdl/axi_lite_ipif_v3_0_vh_rfs.vhd:2948]
INFO: [Synth 8-638] synthesizing module 'slave_attachment' [/media/guido/Acer/EBAZ4205_SDR_HDMI_PS2/Vivado/Vivado.gen/sources_1/bd/ebaz4205/ipshared/66ea/hdl/axi_lite_ipif_v3_0_vh_rfs.vhd:2341]
INFO: [Synth 8-638] synthesizing module 'address_decoder' [/media/guido/Acer/EBAZ4205_SDR_HDMI_PS2/Vivado/Vivado.gen/sources_1/bd/ebaz4205/ipshared/66ea/hdl/axi_lite_ipif_v3_0_vh_rfs.vhd:1775]
INFO: [Synth 8-638] synthesizing module 'pselect_f' [/media/guido/Acer/EBAZ4205_SDR_HDMI_PS2/Vivado/Vivado.gen/sources_1/bd/ebaz4205/ipshared/66ea/hdl/axi_lite_ipif_v3_0_vh_rfs.vhd:1534]
INFO: [Synth 8-256] done synthesizing module 'pselect_f' (0#1) [/media/guido/Acer/EBAZ4205_SDR_HDMI_PS2/Vivado/Vivado.gen/sources_1/bd/ebaz4205/ipshared/66ea/hdl/axi_lite_ipif_v3_0_vh_rfs.vhd:1534]
INFO: [Synth 8-638] synthesizing module 'pselect_f__parameterized0' [/media/guido/Acer/EBAZ4205_SDR_HDMI_PS2/Vivado/Vivado.gen/sources_1/bd/ebaz4205/ipshared/66ea/hdl/axi_lite_ipif_v3_0_vh_rfs.vhd:1534]
INFO: [Synth 8-256] done synthesizing module 'pselect_f__parameterized0' (0#1) [/media/guido/Acer/EBAZ4205_SDR_HDMI_PS2/Vivado/Vivado.gen/sources_1/bd/ebaz4205/ipshared/66ea/hdl/axi_lite_ipif_v3_0_vh_rfs.vhd:1534]
INFO: [Synth 8-638] synthesizing module 'pselect_f__parameterized1' [/media/guido/Acer/EBAZ4205_SDR_HDMI_PS2/Vivado/Vivado.gen/sources_1/bd/ebaz4205/ipshared/66ea/hdl/axi_lite_ipif_v3_0_vh_rfs.vhd:1534]
INFO: [Synth 8-256] done synthesizing module 'pselect_f__parameterized1' (0#1) [/media/guido/Acer/EBAZ4205_SDR_HDMI_PS2/Vivado/Vivado.gen/sources_1/bd/ebaz4205/ipshared/66ea/hdl/axi_lite_ipif_v3_0_vh_rfs.vhd:1534]
INFO: [Synth 8-638] synthesizing module 'pselect_f__parameterized2' [/media/guido/Acer/EBAZ4205_SDR_HDMI_PS2/Vivado/Vivado.gen/sources_1/bd/ebaz4205/ipshared/66ea/hdl/axi_lite_ipif_v3_0_vh_rfs.vhd:1534]
INFO: [Synth 8-256] done synthesizing module 'pselect_f__parameterized2' (0#1) [/media/guido/Acer/EBAZ4205_SDR_HDMI_PS2/Vivado/Vivado.gen/sources_1/bd/ebaz4205/ipshared/66ea/hdl/axi_lite_ipif_v3_0_vh_rfs.vhd:1534]
INFO: [Synth 8-638] synthesizing module 'pselect_f__parameterized3' [/media/guido/Acer/EBAZ4205_SDR_HDMI_PS2/Vivado/Vivado.gen/sources_1/bd/ebaz4205/ipshared/66ea/hdl/axi_lite_ipif_v3_0_vh_rfs.vhd:1534]
INFO: [Synth 8-256] done synthesizing module 'pselect_f__parameterized3' (0#1) [/media/guido/Acer/EBAZ4205_SDR_HDMI_PS2/Vivado/Vivado.gen/sources_1/bd/ebaz4205/ipshared/66ea/hdl/axi_lite_ipif_v3_0_vh_rfs.vhd:1534]
INFO: [Synth 8-638] synthesizing module 'pselect_f__parameterized4' [/media/guido/Acer/EBAZ4205_SDR_HDMI_PS2/Vivado/Vivado.gen/sources_1/bd/ebaz4205/ipshared/66ea/hdl/axi_lite_ipif_v3_0_vh_rfs.vhd:1534]
INFO: [Synth 8-256] done synthesizing module 'pselect_f__parameterized4' (0#1) [/media/guido/Acer/EBAZ4205_SDR_HDMI_PS2/Vivado/Vivado.gen/sources_1/bd/ebaz4205/ipshared/66ea/hdl/axi_lite_ipif_v3_0_vh_rfs.vhd:1534]
INFO: [Synth 8-638] synthesizing module 'pselect_f__parameterized5' [/media/guido/Acer/EBAZ4205_SDR_HDMI_PS2/Vivado/Vivado.gen/sources_1/bd/ebaz4205/ipshared/66ea/hdl/axi_lite_ipif_v3_0_vh_rfs.vhd:1534]
INFO: [Synth 8-256] done synthesizing module 'pselect_f__parameterized5' (0#1) [/media/guido/Acer/EBAZ4205_SDR_HDMI_PS2/Vivado/Vivado.gen/sources_1/bd/ebaz4205/ipshared/66ea/hdl/axi_lite_ipif_v3_0_vh_rfs.vhd:1534]
INFO: [Synth 8-638] synthesizing module 'pselect_f__parameterized6' [/media/guido/Acer/EBAZ4205_SDR_HDMI_PS2/Vivado/Vivado.gen/sources_1/bd/ebaz4205/ipshared/66ea/hdl/axi_lite_ipif_v3_0_vh_rfs.vhd:1534]
INFO: [Synth 8-256] done synthesizing module 'pselect_f__parameterized6' (0#1) [/media/guido/Acer/EBAZ4205_SDR_HDMI_PS2/Vivado/Vivado.gen/sources_1/bd/ebaz4205/ipshared/66ea/hdl/axi_lite_ipif_v3_0_vh_rfs.vhd:1534]
INFO: [Synth 8-638] synthesizing module 'pselect_f__parameterized7' [/media/guido/Acer/EBAZ4205_SDR_HDMI_PS2/Vivado/Vivado.gen/sources_1/bd/ebaz4205/ipshared/66ea/hdl/axi_lite_ipif_v3_0_vh_rfs.vhd:1534]
INFO: [Synth 8-256] done synthesizing module 'pselect_f__parameterized7' (0#1) [/media/guido/Acer/EBAZ4205_SDR_HDMI_PS2/Vivado/Vivado.gen/sources_1/bd/ebaz4205/ipshared/66ea/hdl/axi_lite_ipif_v3_0_vh_rfs.vhd:1534]
INFO: [Synth 8-638] synthesizing module 'pselect_f__parameterized8' [/media/guido/Acer/EBAZ4205_SDR_HDMI_PS2/Vivado/Vivado.gen/sources_1/bd/ebaz4205/ipshared/66ea/hdl/axi_lite_ipif_v3_0_vh_rfs.vhd:1534]
INFO: [Synth 8-256] done synthesizing module 'pselect_f__parameterized8' (0#1) [/media/guido/Acer/EBAZ4205_SDR_HDMI_PS2/Vivado/Vivado.gen/sources_1/bd/ebaz4205/ipshared/66ea/hdl/axi_lite_ipif_v3_0_vh_rfs.vhd:1534]
INFO: [Synth 8-638] synthesizing module 'pselect_f__parameterized9' [/media/guido/Acer/EBAZ4205_SDR_HDMI_PS2/Vivado/Vivado.gen/sources_1/bd/ebaz4205/ipshared/66ea/hdl/axi_lite_ipif_v3_0_vh_rfs.vhd:1534]
INFO: [Synth 8-256] done synthesizing module 'pselect_f__parameterized9' (0#1) [/media/guido/Acer/EBAZ4205_SDR_HDMI_PS2/Vivado/Vivado.gen/sources_1/bd/ebaz4205/ipshared/66ea/hdl/axi_lite_ipif_v3_0_vh_rfs.vhd:1534]
INFO: [Synth 8-638] synthesizing module 'pselect_f__parameterized10' [/media/guido/Acer/EBAZ4205_SDR_HDMI_PS2/Vivado/Vivado.gen/sources_1/bd/ebaz4205/ipshared/66ea/hdl/axi_lite_ipif_v3_0_vh_rfs.vhd:1534]
INFO: [Synth 8-256] done synthesizing module 'pselect_f__parameterized10' (0#1) [/media/guido/Acer/EBAZ4205_SDR_HDMI_PS2/Vivado/Vivado.gen/sources_1/bd/ebaz4205/ipshared/66ea/hdl/axi_lite_ipif_v3_0_vh_rfs.vhd:1534]
INFO: [Synth 8-638] synthesizing module 'pselect_f__parameterized11' [/media/guido/Acer/EBAZ4205_SDR_HDMI_PS2/Vivado/Vivado.gen/sources_1/bd/ebaz4205/ipshared/66ea/hdl/axi_lite_ipif_v3_0_vh_rfs.vhd:1534]
INFO: [Synth 8-256] done synthesizing module 'pselect_f__parameterized11' (0#1) [/media/guido/Acer/EBAZ4205_SDR_HDMI_PS2/Vivado/Vivado.gen/sources_1/bd/ebaz4205/ipshared/66ea/hdl/axi_lite_ipif_v3_0_vh_rfs.vhd:1534]
INFO: [Synth 8-638] synthesizing module 'pselect_f__parameterized12' [/media/guido/Acer/EBAZ4205_SDR_HDMI_PS2/Vivado/Vivado.gen/sources_1/bd/ebaz4205/ipshared/66ea/hdl/axi_lite_ipif_v3_0_vh_rfs.vhd:1534]
INFO: [Synth 8-256] done synthesizing module 'pselect_f__parameterized12' (0#1) [/media/guido/Acer/EBAZ4205_SDR_HDMI_PS2/Vivado/Vivado.gen/sources_1/bd/ebaz4205/ipshared/66ea/hdl/axi_lite_ipif_v3_0_vh_rfs.vhd:1534]
INFO: [Synth 8-638] synthesizing module 'pselect_f__parameterized13' [/media/guido/Acer/EBAZ4205_SDR_HDMI_PS2/Vivado/Vivado.gen/sources_1/bd/ebaz4205/ipshared/66ea/hdl/axi_lite_ipif_v3_0_vh_rfs.vhd:1534]
INFO: [Synth 8-256] done synthesizing module 'pselect_f__parameterized13' (0#1) [/media/guido/Acer/EBAZ4205_SDR_HDMI_PS2/Vivado/Vivado.gen/sources_1/bd/ebaz4205/ipshared/66ea/hdl/axi_lite_ipif_v3_0_vh_rfs.vhd:1534]
INFO: [Synth 8-638] synthesizing module 'pselect_f__parameterized14' [/media/guido/Acer/EBAZ4205_SDR_HDMI_PS2/Vivado/Vivado.gen/sources_1/bd/ebaz4205/ipshared/66ea/hdl/axi_lite_ipif_v3_0_vh_rfs.vhd:1534]
INFO: [Synth 8-256] done synthesizing module 'pselect_f__parameterized14' (0#1) [/media/guido/Acer/EBAZ4205_SDR_HDMI_PS2/Vivado/Vivado.gen/sources_1/bd/ebaz4205/ipshared/66ea/hdl/axi_lite_ipif_v3_0_vh_rfs.vhd:1534]
INFO: [Synth 8-638] synthesizing module 'pselect_f__parameterized15' [/media/guido/Acer/EBAZ4205_SDR_HDMI_PS2/Vivado/Vivado.gen/sources_1/bd/ebaz4205/ipshared/66ea/hdl/axi_lite_ipif_v3_0_vh_rfs.vhd:1534]
INFO: [Synth 8-256] done synthesizing module 'pselect_f__parameterized15' (0#1) [/media/guido/Acer/EBAZ4205_SDR_HDMI_PS2/Vivado/Vivado.gen/sources_1/bd/ebaz4205/ipshared/66ea/hdl/axi_lite_ipif_v3_0_vh_rfs.vhd:1534]
INFO: [Synth 8-638] synthesizing module 'pselect_f__parameterized16' [/media/guido/Acer/EBAZ4205_SDR_HDMI_PS2/Vivado/Vivado.gen/sources_1/bd/ebaz4205/ipshared/66ea/hdl/axi_lite_ipif_v3_0_vh_rfs.vhd:1534]
INFO: [Synth 8-256] done synthesizing module 'pselect_f__parameterized16' (0#1) [/media/guido/Acer/EBAZ4205_SDR_HDMI_PS2/Vivado/Vivado.gen/sources_1/bd/ebaz4205/ipshared/66ea/hdl/axi_lite_ipif_v3_0_vh_rfs.vhd:1534]
INFO: [Synth 8-638] synthesizing module 'pselect_f__parameterized17' [/media/guido/Acer/EBAZ4205_SDR_HDMI_PS2/Vivado/Vivado.gen/sources_1/bd/ebaz4205/ipshared/66ea/hdl/axi_lite_ipif_v3_0_vh_rfs.vhd:1534]
INFO: [Synth 8-256] done synthesizing module 'pselect_f__parameterized17' (0#1) [/media/guido/Acer/EBAZ4205_SDR_HDMI_PS2/Vivado/Vivado.gen/sources_1/bd/ebaz4205/ipshared/66ea/hdl/axi_lite_ipif_v3_0_vh_rfs.vhd:1534]
INFO: [Synth 8-638] synthesizing module 'pselect_f__parameterized18' [/media/guido/Acer/EBAZ4205_SDR_HDMI_PS2/Vivado/Vivado.gen/sources_1/bd/ebaz4205/ipshared/66ea/hdl/axi_lite_ipif_v3_0_vh_rfs.vhd:1534]
INFO: [Synth 8-256] done synthesizing module 'pselect_f__parameterized18' (0#1) [/media/guido/Acer/EBAZ4205_SDR_HDMI_PS2/Vivado/Vivado.gen/sources_1/bd/ebaz4205/ipshared/66ea/hdl/axi_lite_ipif_v3_0_vh_rfs.vhd:1534]
INFO: [Synth 8-638] synthesizing module 'pselect_f__parameterized19' [/media/guido/Acer/EBAZ4205_SDR_HDMI_PS2/Vivado/Vivado.gen/sources_1/bd/ebaz4205/ipshared/66ea/hdl/axi_lite_ipif_v3_0_vh_rfs.vhd:1534]
INFO: [Synth 8-256] done synthesizing module 'pselect_f__parameterized19' (0#1) [/media/guido/Acer/EBAZ4205_SDR_HDMI_PS2/Vivado/Vivado.gen/sources_1/bd/ebaz4205/ipshared/66ea/hdl/axi_lite_ipif_v3_0_vh_rfs.vhd:1534]
INFO: [Synth 8-638] synthesizing module 'pselect_f__parameterized20' [/media/guido/Acer/EBAZ4205_SDR_HDMI_PS2/Vivado/Vivado.gen/sources_1/bd/ebaz4205/ipshared/66ea/hdl/axi_lite_ipif_v3_0_vh_rfs.vhd:1534]
INFO: [Synth 8-256] done synthesizing module 'pselect_f__parameterized20' (0#1) [/media/guido/Acer/EBAZ4205_SDR_HDMI_PS2/Vivado/Vivado.gen/sources_1/bd/ebaz4205/ipshared/66ea/hdl/axi_lite_ipif_v3_0_vh_rfs.vhd:1534]
INFO: [Synth 8-256] done synthesizing module 'address_decoder' (0#1) [/media/guido/Acer/EBAZ4205_SDR_HDMI_PS2/Vivado/Vivado.gen/sources_1/bd/ebaz4205/ipshared/66ea/hdl/axi_lite_ipif_v3_0_vh_rfs.vhd:1775]
INFO: [Synth 8-226] default block is never used [/media/guido/Acer/EBAZ4205_SDR_HDMI_PS2/Vivado/Vivado.gen/sources_1/bd/ebaz4205/ipshared/66ea/hdl/axi_lite_ipif_v3_0_vh_rfs.vhd:2550]
INFO: [Synth 8-256] done synthesizing module 'slave_attachment' (0#1) [/media/guido/Acer/EBAZ4205_SDR_HDMI_PS2/Vivado/Vivado.gen/sources_1/bd/ebaz4205/ipshared/66ea/hdl/axi_lite_ipif_v3_0_vh_rfs.vhd:2341]
INFO: [Synth 8-256] done synthesizing module 'axi_lite_ipif' (0#1) [/media/guido/Acer/EBAZ4205_SDR_HDMI_PS2/Vivado/Vivado.gen/sources_1/bd/ebaz4205/ipshared/66ea/hdl/axi_lite_ipif_v3_0_vh_rfs.vhd:2948]
INFO: [Synth 8-638] synthesizing module 'interrupt_control' [/media/guido/Acer/EBAZ4205_SDR_HDMI_PS2/Vivado/Vivado.gen/sources_1/bd/ebaz4205/ipshared/a040/hdl/interrupt_control_v3_1_vh_rfs.vhd:259]
INFO: [Synth 8-256] done synthesizing module 'interrupt_control' (0#1) [/media/guido/Acer/EBAZ4205_SDR_HDMI_PS2/Vivado/Vivado.gen/sources_1/bd/ebaz4205/ipshared/a040/hdl/interrupt_control_v3_1_vh_rfs.vhd:259]
INFO: [Synth 8-638] synthesizing module 'GPIO_Core' [/media/guido/Acer/EBAZ4205_SDR_HDMI_PS2/Vivado/Vivado.gen/sources_1/bd/ebaz4205/ipshared/6219/hdl/axi_gpio_v2_0_vh_rfs.vhd:178]
INFO: [Synth 8-226] default block is never used [/media/guido/Acer/EBAZ4205_SDR_HDMI_PS2/Vivado/Vivado.gen/sources_1/bd/ebaz4205/ipshared/6219/hdl/axi_gpio_v2_0_vh_rfs.vhd:443]
INFO: [Synth 8-638] synthesizing module 'cdc_sync' [/media/guido/Acer/EBAZ4205_SDR_HDMI_PS2/Vivado/Vivado.gen/sources_1/bd/ebaz4205/ipshared/ef1e/hdl/lib_cdc_v1_0_rfs.vhd:106]
	Parameter INIT bound to: 1'b0 
INFO: [Synth 8-113] binding component instance 'CROSS2_PLEVEL_IN2SCNDRY_IN_cdc_to' to cell 'FDR' [/media/guido/Acer/EBAZ4205_SDR_HDMI_PS2/Vivado/Vivado.gen/sources_1/bd/ebaz4205/ipshared/ef1e/hdl/lib_cdc_v1_0_rfs.vhd:736]
	Parameter INIT bound to: 1'b0 
INFO: [Synth 8-113] binding component instance 'CROSS2_PLEVEL_IN2SCNDRY_s_level_out_bus_d2' to cell 'FDR' [/media/guido/Acer/EBAZ4205_SDR_HDMI_PS2/Vivado/Vivado.gen/sources_1/bd/ebaz4205/ipshared/ef1e/hdl/lib_cdc_v1_0_rfs.vhd:772]
	Parameter INIT bound to: 1'b0 
INFO: [Synth 8-113] binding component instance 'CROSS2_PLEVEL_IN2SCNDRY_s_level_out_bus_d3' to cell 'FDR' [/media/guido/Acer/EBAZ4205_SDR_HDMI_PS2/Vivado/Vivado.gen/sources_1/bd/ebaz4205/ipshared/ef1e/hdl/lib_cdc_v1_0_rfs.vhd:788]
	Parameter INIT bound to: 1'b0 
INFO: [Synth 8-113] binding component instance 'CROSS2_PLEVEL_IN2SCNDRY_s_level_out_bus_d4' to cell 'FDR' [/media/guido/Acer/EBAZ4205_SDR_HDMI_PS2/Vivado/Vivado.gen/sources_1/bd/ebaz4205/ipshared/ef1e/hdl/lib_cdc_v1_0_rfs.vhd:804]
	Parameter INIT bound to: 1'b0 
INFO: [Synth 8-113] binding component instance 'CROSS2_PLEVEL_IN2SCNDRY_s_level_out_bus_d5' to cell 'FDR' [/media/guido/Acer/EBAZ4205_SDR_HDMI_PS2/Vivado/Vivado.gen/sources_1/bd/ebaz4205/ipshared/ef1e/hdl/lib_cdc_v1_0_rfs.vhd:821]
	Parameter INIT bound to: 1'b0 
INFO: [Synth 8-113] binding component instance 'CROSS2_PLEVEL_IN2SCNDRY_s_level_out_bus_d6' to cell 'FDR' [/media/guido/Acer/EBAZ4205_SDR_HDMI_PS2/Vivado/Vivado.gen/sources_1/bd/ebaz4205/ipshared/ef1e/hdl/lib_cdc_v1_0_rfs.vhd:837]
INFO: [Synth 8-256] done synthesizing module 'cdc_sync' (0#1) [/media/guido/Acer/EBAZ4205_SDR_HDMI_PS2/Vivado/Vivado.gen/sources_1/bd/ebaz4205/ipshared/ef1e/hdl/lib_cdc_v1_0_rfs.vhd:106]
INFO: [Synth 8-256] done synthesizing module 'GPIO_Core' (0#1) [/media/guido/Acer/EBAZ4205_SDR_HDMI_PS2/Vivado/Vivado.gen/sources_1/bd/ebaz4205/ipshared/6219/hdl/axi_gpio_v2_0_vh_rfs.vhd:178]
INFO: [Synth 8-256] done synthesizing module 'axi_gpio' (0#1) [/media/guido/Acer/EBAZ4205_SDR_HDMI_PS2/Vivado/Vivado.gen/sources_1/bd/ebaz4205/ipshared/6219/hdl/axi_gpio_v2_0_vh_rfs.vhd:1351]
INFO: [Synth 8-256] done synthesizing module 'ebaz4205_axi_gpio_0_2' (0#1) [/media/guido/Acer/EBAZ4205_SDR_HDMI_PS2/Vivado/Vivado.gen/sources_1/bd/ebaz4205/ip/ebaz4205_axi_gpio_0_2/synth/ebaz4205_axi_gpio_0_2.vhd:85]
WARNING: [Synth 8-6014] Unused sequential element Not_Dual.ALLIN1_ND.READ_REG_GEN[0].GPIO_DBus_i_reg was removed.  [/media/guido/Acer/EBAZ4205_SDR_HDMI_PS2/Vivado/Vivado.gen/sources_1/bd/ebaz4205/ipshared/6219/hdl/axi_gpio_v2_0_vh_rfs.vhd:351]
WARNING: [Synth 8-7129] Port prmry_aclk in module cdc_sync is either unconnected or has no load
WARNING: [Synth 8-7129] Port prmry_resetn in module cdc_sync is either unconnected or has no load
WARNING: [Synth 8-7129] Port prmry_in in module cdc_sync is either unconnected or has no load
WARNING: [Synth 8-7129] Port scndry_resetn in module cdc_sync is either unconnected or has no load
WARNING: [Synth 8-7129] Port ABus_Reg[1] in module GPIO_Core is either unconnected or has no load
WARNING: [Synth 8-7129] Port ABus_Reg[2] in module GPIO_Core is either unconnected or has no load
WARNING: [Synth 8-7129] Port ABus_Reg[3] in module GPIO_Core is either unconnected or has no load
WARNING: [Synth 8-7129] Port ABus_Reg[4] in module GPIO_Core is either unconnected or has no load
WARNING: [Synth 8-7129] Port ABus_Reg[7] in module GPIO_Core is either unconnected or has no load
WARNING: [Synth 8-7129] Port ABus_Reg[8] in module GPIO_Core is either unconnected or has no load
WARNING: [Synth 8-7129] Port BE_Reg[0] in module GPIO_Core is either unconnected or has no load
WARNING: [Synth 8-7129] Port BE_Reg[1] in module GPIO_Core is either unconnected or has no load
WARNING: [Synth 8-7129] Port BE_Reg[2] in module GPIO_Core is either unconnected or has no load
WARNING: [Synth 8-7129] Port BE_Reg[3] in module GPIO_Core is either unconnected or has no load
WARNING: [Synth 8-7129] Port GPIO2_IO_I[0] in module GPIO_Core is either unconnected or has no load
WARNING: [Synth 8-7129] Port GPIO2_IO_I[1] in module GPIO_Core is either unconnected or has no load
WARNING: [Synth 8-7129] Port GPIO2_IO_I[2] in module GPIO_Core is either unconnected or has no load
WARNING: [Synth 8-7129] Port GPIO2_IO_I[3] in module GPIO_Core is either unconnected or has no load
WARNING: [Synth 8-7129] Port GPIO2_IO_I[4] in module GPIO_Core is either unconnected or has no load
WARNING: [Synth 8-7129] Port GPIO2_IO_I[5] in module GPIO_Core is either unconnected or has no load
WARNING: [Synth 8-7129] Port GPIO2_IO_I[6] in module GPIO_Core is either unconnected or has no load
WARNING: [Synth 8-7129] Port GPIO2_IO_I[7] in module GPIO_Core is either unconnected or has no load
WARNING: [Synth 8-7129] Port GPIO2_IO_I[8] in module GPIO_Core is either unconnected or has no load
WARNING: [Synth 8-7129] Port GPIO2_IO_I[9] in module GPIO_Core is either unconnected or has no load
WARNING: [Synth 8-7129] Port GPIO2_IO_I[10] in module GPIO_Core is either unconnected or has no load
WARNING: [Synth 8-7129] Port GPIO2_IO_I[11] in module GPIO_Core is either unconnected or has no load
WARNING: [Synth 8-7129] Port GPIO2_IO_I[12] in module GPIO_Core is either unconnected or has no load
WARNING: [Synth 8-7129] Port GPIO2_IO_I[13] in module GPIO_Core is either unconnected or has no load
WARNING: [Synth 8-7129] Port GPIO2_IO_I[14] in module GPIO_Core is either unconnected or has no load
WARNING: [Synth 8-7129] Port GPIO2_IO_I[15] in module GPIO_Core is either unconnected or has no load
WARNING: [Synth 8-7129] Port GPIO2_IO_I[16] in module GPIO_Core is either unconnected or has no load
WARNING: [Synth 8-7129] Port GPIO2_IO_I[17] in module GPIO_Core is either unconnected or has no load
WARNING: [Synth 8-7129] Port GPIO2_IO_I[18] in module GPIO_Core is either unconnected or has no load
WARNING: [Synth 8-7129] Port GPIO2_IO_I[19] in module GPIO_Core is either unconnected or has no load
WARNING: [Synth 8-7129] Port GPIO2_IO_I[20] in module GPIO_Core is either unconnected or has no load
WARNING: [Synth 8-7129] Port GPIO2_IO_I[21] in module GPIO_Core is either unconnected or has no load
WARNING: [Synth 8-7129] Port GPIO2_IO_I[22] in module GPIO_Core is either unconnected or has no load
WARNING: [Synth 8-7129] Port GPIO2_IO_I[23] in module GPIO_Core is either unconnected or has no load
WARNING: [Synth 8-7129] Port GPIO2_IO_I[24] in module GPIO_Core is either unconnected or has no load
WARNING: [Synth 8-7129] Port GPIO2_IO_I[25] in module GPIO_Core is either unconnected or has no load
WARNING: [Synth 8-7129] Port GPIO2_IO_I[26] in module GPIO_Core is either unconnected or has no load
WARNING: [Synth 8-7129] Port GPIO2_IO_I[27] in module GPIO_Core is either unconnected or has no load
WARNING: [Synth 8-7129] Port GPIO2_IO_I[28] in module GPIO_Core is either unconnected or has no load
WARNING: [Synth 8-7129] Port GPIO2_IO_I[29] in module GPIO_Core is either unconnected or has no load
WARNING: [Synth 8-7129] Port GPIO2_IO_I[30] in module GPIO_Core is either unconnected or has no load
WARNING: [Synth 8-7129] Port GPIO2_IO_I[31] in module GPIO_Core is either unconnected or has no load
WARNING: [Synth 8-7129] Port bus2ip_data[1] in module interrupt_control is either unconnected or has no load
WARNING: [Synth 8-7129] Port bus2ip_data[2] in module interrupt_control is either unconnected or has no load
WARNING: [Synth 8-7129] Port bus2ip_data[3] in module interrupt_control is either unconnected or has no load
WARNING: [Synth 8-7129] Port bus2ip_data[4] in module interrupt_control is either unconnected or has no load
WARNING: [Synth 8-7129] Port bus2ip_data[5] in module interrupt_control is either unconnected or has no load
WARNING: [Synth 8-7129] Port bus2ip_data[6] in module interrupt_control is either unconnected or has no load
WARNING: [Synth 8-7129] Port bus2ip_data[7] in module interrupt_control is either unconnected or has no load
WARNING: [Synth 8-7129] Port bus2ip_data[8] in module interrupt_control is either unconnected or has no load
WARNING: [Synth 8-7129] Port bus2ip_data[9] in module interrupt_control is either unconnected or has no load
WARNING: [Synth 8-7129] Port bus2ip_data[10] in module interrupt_control is either unconnected or has no load
WARNING: [Synth 8-7129] Port bus2ip_data[11] in module interrupt_control is either unconnected or has no load
WARNING: [Synth 8-7129] Port bus2ip_data[12] in module interrupt_control is either unconnected or has no load
WARNING: [Synth 8-7129] Port bus2ip_data[13] in module interrupt_control is either unconnected or has no load
WARNING: [Synth 8-7129] Port bus2ip_data[14] in module interrupt_control is either unconnected or has no load
WARNING: [Synth 8-7129] Port bus2ip_data[15] in module interrupt_control is either unconnected or has no load
WARNING: [Synth 8-7129] Port bus2ip_data[16] in module interrupt_control is either unconnected or has no load
WARNING: [Synth 8-7129] Port bus2ip_data[17] in module interrupt_control is either unconnected or has no load
WARNING: [Synth 8-7129] Port bus2ip_data[18] in module interrupt_control is either unconnected or has no load
WARNING: [Synth 8-7129] Port bus2ip_data[19] in module interrupt_control is either unconnected or has no load
WARNING: [Synth 8-7129] Port bus2ip_data[20] in module interrupt_control is either unconnected or has no load
WARNING: [Synth 8-7129] Port bus2ip_data[21] in module interrupt_control is either unconnected or has no load
WARNING: [Synth 8-7129] Port bus2ip_data[22] in module interrupt_control is either unconnected or has no load
WARNING: [Synth 8-7129] Port bus2ip_data[23] in module interrupt_control is either unconnected or has no load
WARNING: [Synth 8-7129] Port bus2ip_data[24] in module interrupt_control is either unconnected or has no load
WARNING: [Synth 8-7129] Port bus2ip_data[25] in module interrupt_control is either unconnected or has no load
WARNING: [Synth 8-7129] Port bus2ip_data[26] in module interrupt_control is either unconnected or has no load
WARNING: [Synth 8-7129] Port bus2ip_data[27] in module interrupt_control is either unconnected or has no load
WARNING: [Synth 8-7129] Port bus2ip_data[28] in module interrupt_control is either unconnected or has no load
WARNING: [Synth 8-7129] Port bus2ip_data[29] in module interrupt_control is either unconnected or has no load
WARNING: [Synth 8-7129] Port bus2ip_data[30] in module interrupt_control is either unconnected or has no load
WARNING: [Synth 8-7129] Port bus2ip_be[1] in module interrupt_control is either unconnected or has no load
WARNING: [Synth 8-7129] Port bus2ip_be[2] in module interrupt_control is either unconnected or has no load
WARNING: [Synth 8-7129] Port bus2ip_be[3] in module interrupt_control is either unconnected or has no load
WARNING: [Synth 8-7129] Port interrupt_rdce[0] in module interrupt_control is either unconnected or has no load
WARNING: [Synth 8-7129] Port interrupt_rdce[1] in module interrupt_control is either unconnected or has no load
WARNING: [Synth 8-7129] Port interrupt_rdce[2] in module interrupt_control is either unconnected or has no load
WARNING: [Synth 8-7129] Port interrupt_rdce[3] in module interrupt_control is either unconnected or has no load
WARNING: [Synth 8-7129] Port interrupt_rdce[4] in module interrupt_control is either unconnected or has no load
WARNING: [Synth 8-7129] Port interrupt_rdce[5] in module interrupt_control is either unconnected or has no load
WARNING: [Synth 8-7129] Port interrupt_rdce[6] in module interrupt_control is either unconnected or has no load
WARNING: [Synth 8-7129] Port interrupt_rdce[9] in module interrupt_control is either unconnected or has no load
WARNING: [Synth 8-7129] Port interrupt_rdce[11] in module interrupt_control is either unconnected or has no load
WARNING: [Synth 8-7129] Port interrupt_rdce[12] in module interrupt_control is either unconnected or has no load
WARNING: [Synth 8-7129] Port interrupt_rdce[13] in module interrupt_control is either unconnected or has no load
WARNING: [Synth 8-7129] Port interrupt_rdce[14] in module interrupt_control is either unconnected or has no load
WARNING: [Synth 8-7129] Port interrupt_rdce[15] in module interrupt_control is either unconnected or has no load
WARNING: [Synth 8-7129] Port interrupt_wrce[0] in module interrupt_control is either unconnected or has no load
WARNING: [Synth 8-7129] Port interrupt_wrce[1] in module interrupt_control is either unconnected or has no load
WARNING: [Synth 8-7129] Port interrupt_wrce[2] in module interrupt_control is either unconnected or has no load
WARNING: [Synth 8-7129] Port interrupt_wrce[3] in module interrupt_control is either unconnected or has no load
WARNING: [Synth 8-7129] Port interrupt_wrce[4] in module interrupt_control is either unconnected or has no load
WARNING: [Synth 8-7129] Port interrupt_wrce[5] in module interrupt_control is either unconnected or has no load
WARNING: [Synth 8-7129] Port interrupt_wrce[6] in module interrupt_control is either unconnected or has no load
WARNING: [Synth 8-7129] Port interrupt_wrce[9] in module interrupt_control is either unconnected or has no load
INFO: [Common 17-14] Message 'Synth 8-7129' appears 100 times and further instances of the messages will be disabled. Use the Tcl command set_msg_config to change the current settings.
---------------------------------------------------------------------------------
Finished RTL Elaboration : Time (s): cpu = 00:00:07 ; elapsed = 00:00:11 . Memory (MB): peak = 2127.555 ; gain = 449.707 ; free physical = 3426 ; free virtual = 8013
Synthesis current peak Physical Memory [PSS] (MB): peak = 1339.669; parent = 1215.653; children = 124.344
Synthesis current peak Virtual Memory [VSS] (MB): peak = 3085.152; parent = 2127.559; children = 957.594
---------------------------------------------------------------------------------
---------------------------------------------------------------------------------
Start Handling Custom Attributes
---------------------------------------------------------------------------------
---------------------------------------------------------------------------------
Finished Handling Custom Attributes : Time (s): cpu = 00:00:07 ; elapsed = 00:00:11 . Memory (MB): peak = 2145.367 ; gain = 467.520 ; free physical = 3434 ; free virtual = 8023
Synthesis current peak Physical Memory [PSS] (MB): peak = 1339.669; parent = 1215.653; children = 124.344
Synthesis current peak Virtual Memory [VSS] (MB): peak = 3102.965; parent = 2145.371; children = 957.594
---------------------------------------------------------------------------------
---------------------------------------------------------------------------------
Finished RTL Optimization Phase 1 : Time (s): cpu = 00:00:07 ; elapsed = 00:00:11 . Memory (MB): peak = 2145.367 ; gain = 467.520 ; free physical = 3428 ; free virtual = 8018
Synthesis current peak Physical Memory [PSS] (MB): peak = 1339.669; parent = 1215.653; children = 124.344
Synthesis current peak Virtual Memory [VSS] (MB): peak = 3102.965; parent = 2145.371; children = 957.594
---------------------------------------------------------------------------------
Netlist sorting complete. Time (s): cpu = 00:00:00 ; elapsed = 00:00:00.01 . Memory (MB): peak = 2151.305 ; gain = 0.000 ; free physical = 3358 ; free virtual = 7967
INFO: [Netlist 29-17] Analyzing 6 Unisim elements for replacement
INFO: [Netlist 29-28] Unisim Transformation completed in 0 CPU seconds
INFO: [Project 1-570] Preparing netlist for logic optimization

Processing XDC Constraints
Initializing timing engine
Parsing XDC File [/media/guido/Acer/EBAZ4205_SDR_HDMI_PS2/Vivado/Vivado.gen/sources_1/bd/ebaz4205/ip/ebaz4205_axi_gpio_0_2/ebaz4205_axi_gpio_0_2_ooc.xdc] for cell 'U0'
Finished Parsing XDC File [/media/guido/Acer/EBAZ4205_SDR_HDMI_PS2/Vivado/Vivado.gen/sources_1/bd/ebaz4205/ip/ebaz4205_axi_gpio_0_2/ebaz4205_axi_gpio_0_2_ooc.xdc] for cell 'U0'
Parsing XDC File [/media/guido/Acer/EBAZ4205_SDR_HDMI_PS2/Vivado/Vivado.gen/sources_1/bd/ebaz4205/ip/ebaz4205_axi_gpio_0_2/ebaz4205_axi_gpio_0_2_board.xdc] for cell 'U0'
Finished Parsing XDC File [/media/guido/Acer/EBAZ4205_SDR_HDMI_PS2/Vivado/Vivado.gen/sources_1/bd/ebaz4205/ip/ebaz4205_axi_gpio_0_2/ebaz4205_axi_gpio_0_2_board.xdc] for cell 'U0'
Parsing XDC File [/media/guido/Acer/EBAZ4205_SDR_HDMI_PS2/Vivado/Vivado.gen/sources_1/bd/ebaz4205/ip/ebaz4205_axi_gpio_0_2/ebaz4205_axi_gpio_0_2.xdc] for cell 'U0'
Finished Parsing XDC File [/media/guido/Acer/EBAZ4205_SDR_HDMI_PS2/Vivado/Vivado.gen/sources_1/bd/ebaz4205/ip/ebaz4205_axi_gpio_0_2/ebaz4205_axi_gpio_0_2.xdc] for cell 'U0'
Parsing XDC File [/media/guido/Acer/EBAZ4205_SDR_HDMI_PS2/Vivado/Vivado.runs/ebaz4205_axi_gpio_0_2_synth_1/dont_touch.xdc]
Finished Parsing XDC File [/media/guido/Acer/EBAZ4205_SDR_HDMI_PS2/Vivado/Vivado.runs/ebaz4205_axi_gpio_0_2_synth_1/dont_touch.xdc]
Completed Processing XDC Constraints

Netlist sorting complete. Time (s): cpu = 00:00:00 ; elapsed = 00:00:00 . Memory (MB): peak = 2295.117 ; gain = 0.000 ; free physical = 4479 ; free virtual = 9129
INFO: [Project 1-111] Unisim Transformation Summary:
  A total of 6 instances were transformed.
  FDR => FDRE: 6 instances

Constraint Validation Runtime : Time (s): cpu = 00:00:00.03 ; elapsed = 00:00:00.03 . Memory (MB): peak = 2295.117 ; gain = 0.000 ; free physical = 4471 ; free virtual = 9120
INFO: [Designutils 20-5008] Incremental synthesis strategy off
INFO: [Synth 8-11241] undeclared symbol 'REGCCE', assumed default net type 'wire' [/home/guido/Xilinx-tools/Vivado/2022.2/data/verilog/src/unimacro/BRAM_SINGLE_MACRO.v:2170]
---------------------------------------------------------------------------------
Finished Constraint Validation : Time (s): cpu = 00:00:15 ; elapsed = 00:00:20 . Memory (MB): peak = 2295.117 ; gain = 617.270 ; free physical = 6092 ; free virtual = 10834
Synthesis current peak Physical Memory [PSS] (MB): peak = 1339.669; parent = 1215.653; children = 124.344
Synthesis current peak Virtual Memory [VSS] (MB): peak = 3220.699; parent = 2263.105; children = 957.594
---------------------------------------------------------------------------------
---------------------------------------------------------------------------------
Start Loading Part and Timing Information
---------------------------------------------------------------------------------
Loading part: xc7z010clg400-1
---------------------------------------------------------------------------------
Finished Loading Part and Timing Information : Time (s): cpu = 00:00:15 ; elapsed = 00:00:20 . Memory (MB): peak = 2295.117 ; gain = 617.270 ; free physical = 6069 ; free virtual = 10810
Synthesis current peak Physical Memory [PSS] (MB): peak = 1339.669; parent = 1215.653; children = 124.344
Synthesis current peak Virtual Memory [VSS] (MB): peak = 3220.699; parent = 2263.105; children = 957.594
---------------------------------------------------------------------------------
---------------------------------------------------------------------------------
Start Applying 'set_property' XDC Constraints
---------------------------------------------------------------------------------
Applied set_property KEEP_HIERARCHY = SOFT for U0. (constraint file  /media/guido/Acer/EBAZ4205_SDR_HDMI_PS2/Vivado/Vivado.runs/ebaz4205_axi_gpio_0_2_synth_1/dont_touch.xdc, line 9).
---------------------------------------------------------------------------------
Finished applying 'set_property' XDC Constraints : Time (s): cpu = 00:00:15 ; elapsed = 00:00:20 . Memory (MB): peak = 2295.117 ; gain = 617.270 ; free physical = 6061 ; free virtual = 10802
Synthesis current peak Physical Memory [PSS] (MB): peak = 1339.669; parent = 1215.653; children = 124.344
Synthesis current peak Virtual Memory [VSS] (MB): peak = 3220.699; parent = 2263.105; children = 957.594
---------------------------------------------------------------------------------
INFO: [Synth 8-802] inferred FSM for state register 'state_reg' in module 'slave_attachment'
---------------------------------------------------------------------------------------------------
                   State |                     New Encoding |                Previous Encoding 
---------------------------------------------------------------------------------------------------
                 iSTATE2 |                             0001 |                               00
                  iSTATE |                             0010 |                               01
                 iSTATE0 |                             0100 |                               10
                 iSTATE1 |                             1000 |                               11
---------------------------------------------------------------------------------------------------
INFO: [Synth 8-3354] encoded FSM with state register 'state_reg' using encoding 'one-hot' in module 'slave_attachment'
---------------------------------------------------------------------------------
Finished RTL Optimization Phase 2 : Time (s): cpu = 00:00:16 ; elapsed = 00:00:21 . Memory (MB): peak = 2295.117 ; gain = 617.270 ; free physical = 5724 ; free virtual = 10489
Synthesis current peak Physical Memory [PSS] (MB): peak = 1339.669; parent = 1215.653; children = 124.344
Synthesis current peak Virtual Memory [VSS] (MB): peak = 3220.699; parent = 2263.105; children = 957.594
---------------------------------------------------------------------------------
---------------------------------------------------------------------------------
Start RTL Component Statistics 
---------------------------------------------------------------------------------
Detailed RTL Component Info : 
+---Adders : 
	   2 Input    4 Bit       Adders := 1     
+---XORs : 
	   2 Input      1 Bit         XORs := 2     
+---Registers : 
	               32 Bit    Registers := 3     
	                9 Bit    Registers := 1     
	                4 Bit    Registers := 1     
	                2 Bit    Registers := 3     
	                1 Bit    Registers := 54    
+---Muxes : 
	   2 Input   32 Bit        Muxes := 4     
	   5 Input   32 Bit        Muxes := 1     
	   2 Input    9 Bit        Muxes := 1     
	   4 Input    4 Bit        Muxes := 1     
	   2 Input    4 Bit        Muxes := 5     
	   2 Input    2 Bit        Muxes := 3     
	   3 Input    2 Bit        Muxes := 1     
	   4 Input    2 Bit        Muxes := 1     
	   2 Input    1 Bit        Muxes := 31    
	   4 Input    1 Bit        Muxes := 3     
---------------------------------------------------------------------------------
Finished RTL Component Statistics 
---------------------------------------------------------------------------------
---------------------------------------------------------------------------------
Start Part Resource Summary
---------------------------------------------------------------------------------
Part Resources:
DSPs: 80 (col length:40)
BRAMs: 120 (col length: RAMB18 40 RAMB36 20)
---------------------------------------------------------------------------------
Finished Part Resource Summary
---------------------------------------------------------------------------------
---------------------------------------------------------------------------------
Start Cross Boundary and Area Optimization
---------------------------------------------------------------------------------
WARNING: [Synth 8-7080] Parallel synthesis criteria is not met
INFO: [Synth 8-3332] Sequential element (gpio_core_1/Not_Dual.INPUT_DOUBLE_REGS3/GENERATE_LEVEL_P_S_CDC.MULTI_BIT.FOR_CROSS_PLEVEL_IN2SCNDRY_bus_d5[0].CROSS2_PLEVEL_IN2SCNDRY_s_level_out_bus_d5) is unused and will be removed from module axi_gpio.
INFO: [Synth 8-3332] Sequential element (gpio_core_1/Not_Dual.INPUT_DOUBLE_REGS3/GENERATE_LEVEL_P_S_CDC.MULTI_BIT.FOR_CROSS_PLEVEL_IN2SCNDRY_bus_d6[0].CROSS2_PLEVEL_IN2SCNDRY_s_level_out_bus_d6) is unused and will be removed from module axi_gpio.
---------------------------------------------------------------------------------
Finished Cross Boundary and Area Optimization : Time (s): cpu = 00:00:18 ; elapsed = 00:00:24 . Memory (MB): peak = 2295.117 ; gain = 617.270 ; free physical = 5472 ; free virtual = 10262
Synthesis current peak Physical Memory [PSS] (MB): peak = 1339.669; parent = 1215.653; children = 124.344
Synthesis current peak Virtual Memory [VSS] (MB): peak = 3220.699; parent = 2263.105; children = 957.594
---------------------------------------------------------------------------------
---------------------------------------------------------------------------------
Start Applying XDC Timing Constraints
---------------------------------------------------------------------------------
---------------------------------------------------------------------------------
Finished Applying XDC Timing Constraints : Time (s): cpu = 00:00:24 ; elapsed = 00:00:30 . Memory (MB): peak = 2295.117 ; gain = 617.270 ; free physical = 5333 ; free virtual = 10202
Synthesis current peak Physical Memory [PSS] (MB): peak = 1339.669; parent = 1215.653; children = 124.344
Synthesis current peak Virtual Memory [VSS] (MB): peak = 3220.699; parent = 2263.105; children = 957.594
---------------------------------------------------------------------------------
---------------------------------------------------------------------------------
Start Timing Optimization
---------------------------------------------------------------------------------
---------------------------------------------------------------------------------
Finished Timing Optimization : Time (s): cpu = 00:00:24 ; elapsed = 00:00:31 . Memory (MB): peak = 2295.117 ; gain = 617.270 ; free physical = 5284 ; free virtual = 10146
Synthesis current peak Physical Memory [PSS] (MB): peak = 1342.087; parent = 1217.926; children = 124.344
Synthesis current peak Virtual Memory [VSS] (MB): peak = 3220.699; parent = 2263.105; children = 957.594
---------------------------------------------------------------------------------
---------------------------------------------------------------------------------
Start Technology Mapping
---------------------------------------------------------------------------------
---------------------------------------------------------------------------------
Finished Technology Mapping : Time (s): cpu = 00:00:24 ; elapsed = 00:00:31 . Memory (MB): peak = 2295.117 ; gain = 617.270 ; free physical = 5272 ; free virtual = 10134
Synthesis current peak Physical Memory [PSS] (MB): peak = 1342.087; parent = 1217.926; children = 124.344
Synthesis current peak Virtual Memory [VSS] (MB): peak = 3220.699; parent = 2263.105; children = 957.594
---------------------------------------------------------------------------------
---------------------------------------------------------------------------------
Start IO Insertion
---------------------------------------------------------------------------------
---------------------------------------------------------------------------------
Start Flattening Before IO Insertion
---------------------------------------------------------------------------------
---------------------------------------------------------------------------------
Finished Flattening Before IO Insertion
---------------------------------------------------------------------------------
---------------------------------------------------------------------------------
Start Final Netlist Cleanup
---------------------------------------------------------------------------------
---------------------------------------------------------------------------------
Finished Final Netlist Cleanup
---------------------------------------------------------------------------------
---------------------------------------------------------------------------------
Finished IO Insertion : Time (s): cpu = 00:00:29 ; elapsed = 00:00:36 . Memory (MB): peak = 2295.117 ; gain = 617.270 ; free physical = 4208 ; free virtual = 9123
Synthesis current peak Physical Memory [PSS] (MB): peak = 1342.087; parent = 1217.926; children = 125.013
Synthesis current peak Virtual Memory [VSS] (MB): peak = 3220.699; parent = 2263.105; children = 957.594
---------------------------------------------------------------------------------
---------------------------------------------------------------------------------
Start Renaming Generated Instances
---------------------------------------------------------------------------------
---------------------------------------------------------------------------------
Finished Renaming Generated Instances : Time (s): cpu = 00:00:29 ; elapsed = 00:00:36 . Memory (MB): peak = 2295.117 ; gain = 617.270 ; free physical = 4236 ; free virtual = 9160
Synthesis current peak Physical Memory [PSS] (MB): peak = 1342.087; parent = 1217.926; children = 125.013
Synthesis current peak Virtual Memory [VSS] (MB): peak = 3220.699; parent = 2263.105; children = 957.594
---------------------------------------------------------------------------------
---------------------------------------------------------------------------------
Start Rebuilding User Hierarchy
---------------------------------------------------------------------------------
---------------------------------------------------------------------------------
Finished Rebuilding User Hierarchy : Time (s): cpu = 00:00:29 ; elapsed = 00:00:36 . Memory (MB): peak = 2295.117 ; gain = 617.270 ; free physical = 4123 ; free virtual = 9043
Synthesis current peak Physical Memory [PSS] (MB): peak = 1342.087; parent = 1217.926; children = 125.013
Synthesis current peak Virtual Memory [VSS] (MB): peak = 3220.699; parent = 2263.105; children = 957.594
---------------------------------------------------------------------------------
---------------------------------------------------------------------------------
Start Renaming Generated Ports
---------------------------------------------------------------------------------
---------------------------------------------------------------------------------
Finished Renaming Generated Ports : Time (s): cpu = 00:00:29 ; elapsed = 00:00:37 . Memory (MB): peak = 2295.117 ; gain = 617.270 ; free physical = 4050 ; free virtual = 8970
Synthesis current peak Physical Memory [PSS] (MB): peak = 1342.087; parent = 1217.926; children = 125.440
Synthesis current peak Virtual Memory [VSS] (MB): peak = 3220.699; parent = 2263.105; children = 957.594
---------------------------------------------------------------------------------
---------------------------------------------------------------------------------
Start Handling Custom Attributes
---------------------------------------------------------------------------------
---------------------------------------------------------------------------------
Finished Handling Custom Attributes : Time (s): cpu = 00:00:29 ; elapsed = 00:00:37 . Memory (MB): peak = 2295.117 ; gain = 617.270 ; free physical = 4147 ; free virtual = 9067
Synthesis current peak Physical Memory [PSS] (MB): peak = 1342.087; parent = 1217.926; children = 125.442
Synthesis current peak Virtual Memory [VSS] (MB): peak = 3220.699; parent = 2263.105; children = 957.594
---------------------------------------------------------------------------------
---------------------------------------------------------------------------------
Start Renaming Generated Nets
---------------------------------------------------------------------------------
---------------------------------------------------------------------------------
Finished Renaming Generated Nets : Time (s): cpu = 00:00:29 ; elapsed = 00:00:37 . Memory (MB): peak = 2295.117 ; gain = 617.270 ; free physical = 4222 ; free virtual = 9141
Synthesis current peak Physical Memory [PSS] (MB): peak = 1342.087; parent = 1217.926; children = 125.442
Synthesis current peak Virtual Memory [VSS] (MB): peak = 3220.699; parent = 2263.105; children = 957.594
---------------------------------------------------------------------------------
---------------------------------------------------------------------------------
Start Writing Synthesis Report
---------------------------------------------------------------------------------

Report BlackBoxes: 
+-+--------------+----------+
| |BlackBox name |Instances |
+-+--------------+----------+
+-+--------------+----------+

Report Cell Usage: 
+------+-----+------+
|      |Cell |Count |
+------+-----+------+
|1     |LUT1 |     2|
|2     |LUT2 |     5|
|3     |LUT3 |    19|
|4     |LUT4 |    13|
|5     |LUT5 |    31|
|6     |LUT6 |    14|
|7     |FDR  |     4|
|8     |FDRE |    71|
|9     |FDSE |     4|
+------+-----+------+
---------------------------------------------------------------------------------
Finished Writing Synthesis Report : Time (s): cpu = 00:00:29 ; elapsed = 00:00:37 . Memory (MB): peak = 2295.117 ; gain = 617.270 ; free physical = 4116 ; free virtual = 9032
Synthesis current peak Physical Memory [PSS] (MB): peak = 1342.087; parent = 1217.926; children = 125.442
Synthesis current peak Virtual Memory [VSS] (MB): peak = 3220.699; parent = 2263.105; children = 957.594
---------------------------------------------------------------------------------
Synthesis finished with 0 errors, 0 critical warnings and 37 warnings.
Synthesis Optimization Runtime : Time (s): cpu = 00:00:26 ; elapsed = 00:00:35 . Memory (MB): peak = 2295.117 ; gain = 467.520 ; free physical = 4187 ; free virtual = 9103
Synthesis Optimization Complete : Time (s): cpu = 00:00:29 ; elapsed = 00:00:37 . Memory (MB): peak = 2295.117 ; gain = 617.270 ; free physical = 4110 ; free virtual = 9029
INFO: [Project 1-571] Translating synthesized netlist
Netlist sorting complete. Time (s): cpu = 00:00:00 ; elapsed = 00:00:00 . Memory (MB): peak = 2295.117 ; gain = 0.000 ; free physical = 4108 ; free virtual = 9027
INFO: [Netlist 29-17] Analyzing 4 Unisim elements for replacement
INFO: [Netlist 29-28] Unisim Transformation completed in 0 CPU seconds
INFO: [Project 1-570] Preparing netlist for logic optimization
INFO: [Opt 31-138] Pushed 0 inverter(s) to 0 load pin(s).
Netlist sorting complete. Time (s): cpu = 00:00:00 ; elapsed = 00:00:00 . Memory (MB): peak = 2295.117 ; gain = 0.000 ; free physical = 4077 ; free virtual = 8994
INFO: [Project 1-111] Unisim Transformation Summary:
  A total of 4 instances were transformed.
  FDR => FDRE: 4 instances

Synth Design complete, checksum: 5541b063
INFO: [Common 17-83] Releasing license: Synthesis
100 Infos, 102 Warnings, 0 Critical Warnings and 0 Errors encountered.
synth_design completed successfully
synth_design: Time (s): cpu = 00:00:37 ; elapsed = 00:00:43 . Memory (MB): peak = 2295.117 ; gain = 897.637 ; free physical = 4235 ; free virtual = 9151
INFO: [Common 17-1381] The checkpoint '/media/guido/Acer/EBAZ4205_SDR_HDMI_PS2/Vivado/Vivado.runs/ebaz4205_axi_gpio_0_2_synth_1/ebaz4205_axi_gpio_0_2.dcp' has been generated.
INFO: [Coretcl 2-1648] Added synthesis output to IP cache for IP ebaz4205_axi_gpio_0_2, cache-ID = b950b4eb06663198
INFO: [Coretcl 2-1174] Renamed 7 cell refs.
INFO: [Common 17-1381] The checkpoint '/media/guido/Acer/EBAZ4205_SDR_HDMI_PS2/Vivado/Vivado.runs/ebaz4205_axi_gpio_0_2_synth_1/ebaz4205_axi_gpio_0_2.dcp' has been generated.
INFO: [runtcl-4] Executing : report_utilization -file ebaz4205_axi_gpio_0_2_utilization_synth.rpt -pb ebaz4205_axi_gpio_0_2_utilization_synth.pb
INFO: [Common 17-206] Exiting Vivado at Sat Feb 18 17:57:39 2023...
