Copyright 1986-2022 Xilinx, Inc. All Rights Reserved.
----------------------------------------------------------------------------------------------------------------------------------------------------------------------
| Tool Version     : Vivado v.2022.2 (lin64) Build 3671981 Fri Oct 14 04:59:54 MDT 2022
| Date             : Tue Mar 21 08:57:25 2023
| Host             : guido-UM690 running 64-bit Ubuntu 20.04.5 LTS
| Command          : report_power -file ebaz4205_wrapper_power_routed.rpt -pb ebaz4205_wrapper_power_summary_routed.pb -rpx ebaz4205_wrapper_power_routed.rpx
| Design           : ebaz4205_wrapper
| Device           : xc7z010clg400-1
| Design State     : routed
| Grade            : commercial
| Process          : typical
| Characterization : Production
----------------------------------------------------------------------------------------------------------------------------------------------------------------------

Power Report

Table of Contents
-----------------
1. Summary
1.1 On-Chip Components
1.2 Power Supply Summary
1.3 Confidence Level
2. Settings
2.1 Environment
2.2 Clock Constraints
3. Detailed Reports
3.1 By Hierarchy

1. Summary
----------

+--------------------------+--------------+
| Total On-Chip Power (W)  | 1.887        |
| Design Power Budget (W)  | Unspecified* |
| Power Budget Margin (W)  | NA           |
| Dynamic (W)              | 1.756        |
| Device Static (W)        | 0.130        |
| Effective TJA (C/W)      | 11.5         |
| Max Ambient (C)          | 63.2         |
| Junction Temperature (C) | 46.8         |
| Confidence Level         | Low          |
| Setting File             | ---          |
| Simulation Activity File | ---          |
| Design Nets Matched      | NA           |
+--------------------------+--------------+
* Specify Design Power Budget using, set_operating_conditions -design_power_budget <value in Watts>


1.1 On-Chip Components
----------------------

+--------------------------+-----------+----------+-----------+-----------------+
| On-Chip                  | Power (W) | Used     | Available | Utilization (%) |
+--------------------------+-----------+----------+-----------+-----------------+
| Clocks                   |     0.049 |        9 |       --- |             --- |
| Slice Logic              |     0.041 |    31845 |       --- |             --- |
|   LUT as Logic           |     0.035 |     7942 |     17600 |           45.13 |
|   CARRY4                 |     0.003 |      826 |      4400 |           18.77 |
|   Register               |     0.003 |    15317 |     35200 |           43.51 |
|   LUT as Shift Register  |    <0.001 |     1671 |      6000 |           27.85 |
|   F7/F8 Muxes            |    <0.001 |      200 |     17600 |            1.14 |
|   BUFG                   |    <0.001 |        1 |        32 |            3.13 |
|   LUT as Distributed RAM |    <0.001 |       74 |      6000 |            1.23 |
|   Others                 |     0.000 |     1935 |       --- |             --- |
| Signals                  |     0.046 |    23533 |       --- |             --- |
| Block RAM                |     0.019 |       14 |        60 |           23.33 |
| MMCM                     |     0.107 |        1 |         2 |           50.00 |
| DSPs                     |     0.038 |       58 |        80 |           72.50 |
| I/O                      |     0.170 |       45 |       100 |           45.00 |
| PS7                      |     1.286 |        1 |       --- |             --- |
| Static Power             |     0.130 |          |           |                 |
| Total                    |     1.887 |          |           |                 |
+--------------------------+-----------+----------+-----------+-----------------+


1.2 Power Supply Summary
------------------------

+-----------+-------------+-----------+-------------+------------+-------------+-------------+------------+
| Source    | Voltage (V) | Total (A) | Dynamic (A) | Static (A) | Powerup (A) | Budget (A)  | Margin (A) |
+-----------+-------------+-----------+-------------+------------+-------------+-------------+------------+
| Vccint    |       1.000 |     0.203 |       0.194 |      0.008 |       NA    | Unspecified | NA         |
| Vccaux    |       1.800 |     0.069 |       0.060 |      0.009 |       NA    | Unspecified | NA         |
| Vcco33    |       3.300 |     0.051 |       0.050 |      0.001 |       NA    | Unspecified | NA         |
| Vcco25    |       2.500 |     0.000 |       0.000 |      0.000 |       NA    | Unspecified | NA         |
| Vcco18    |       1.800 |     0.000 |       0.000 |      0.000 |       NA    | Unspecified | NA         |
| Vcco15    |       1.500 |     0.000 |       0.000 |      0.000 |       NA    | Unspecified | NA         |
| Vcco135   |       1.350 |     0.000 |       0.000 |      0.000 |       NA    | Unspecified | NA         |
| Vcco12    |       1.200 |     0.000 |       0.000 |      0.000 |       NA    | Unspecified | NA         |
| Vccaux_io |       1.800 |     0.000 |       0.000 |      0.000 |       NA    | Unspecified | NA         |
| Vccbram   |       1.000 |     0.003 |       0.001 |      0.001 |       NA    | Unspecified | NA         |
| MGTAVcc   |       1.000 |     0.000 |       0.000 |      0.000 |       NA    | Unspecified | NA         |
| MGTAVtt   |       1.200 |     0.000 |       0.000 |      0.000 |       NA    | Unspecified | NA         |
| MGTVccaux |       1.800 |     0.000 |       0.000 |      0.000 |       NA    | Unspecified | NA         |
| Vccpint   |       1.000 |     0.706 |       0.674 |      0.033 |       NA    | Unspecified | NA         |
| Vccpaux   |       1.800 |     0.036 |       0.026 |      0.010 |       NA    | Unspecified | NA         |
| Vccpll    |       1.800 |     0.018 |       0.015 |      0.003 |       NA    | Unspecified | NA         |
| Vcco_ddr  |       1.500 |     0.356 |       0.354 |      0.002 |       NA    | Unspecified | NA         |
| Vcco_mio0 |       3.300 |     0.003 |       0.002 |      0.001 |       NA    | Unspecified | NA         |
| Vcco_mio1 |       3.300 |     0.001 |       0.000 |      0.001 |       NA    | Unspecified | NA         |
| Vccadc    |       1.800 |     0.020 |       0.000 |      0.020 |       NA    | Unspecified | NA         |
+-----------+-------------+-----------+-------------+------------+-------------+-------------+------------+


1.3 Confidence Level
--------------------

+-----------------------------+------------+--------------------------------------------------------+------------------------------------------------------------------------------------------------------------+
| User Input Data             | Confidence | Details                                                | Action                                                                                                     |
+-----------------------------+------------+--------------------------------------------------------+------------------------------------------------------------------------------------------------------------+
| Design implementation state | High       | Design is routed                                       |                                                                                                            |
| Clock nodes activity        | High       | User specified more than 95% of clocks                 |                                                                                                            |
| I/O nodes activity          | Low        | More than 75% of inputs are missing user specification | Provide missing input activity with simulation results or by editing the "By Resource Type -> I/Os" view   |
| Internal nodes activity     | Medium     | User specified less than 25% of internal nodes         | Provide missing internal nodes activity with simulation results or by editing the "By Resource Type" views |
| Device models               | High       | Device models are Production                           |                                                                                                            |
|                             |            |                                                        |                                                                                                            |
| Overall confidence level    | Low        |                                                        |                                                                                                            |
+-----------------------------+------------+--------------------------------------------------------+------------------------------------------------------------------------------------------------------------+


2. Settings
-----------

2.1 Environment
---------------

+-----------------------+------------------------+
| Ambient Temp (C)      | 25.0                   |
| ThetaJA (C/W)         | 11.5                   |
| Airflow (LFM)         | 250                    |
| Heat Sink             | none                   |
| ThetaSA (C/W)         | 0.0                    |
| Board Selection       | medium (10"x10")       |
| # of Board Layers     | 8to11 (8 to 11 Layers) |
| Board Temperature (C) | 25.0                   |
+-----------------------+------------------------+


2.2 Clock Constraints
---------------------

+------------------------+----------------------------------------------------------------+-----------------+
| Clock                  | Domain                                                         | Constraint (ns) |
+------------------------+----------------------------------------------------------------+-----------------+
| I                      | ebaz4205_i/HDMI/axi_dynclk_0/U0/Inst_mmcme2_drp/I              |             2.0 |
| axi_dynclk_0_PXL_CLK_O | ebaz4205_i/HDMI/axi_dynclk_0/U0/PXL_CLK_O                      |            10.0 |
| clk_fpga_0             | ebaz4205_i/PS/processing_system7_0/inst/FCLK_CLK_unbuffered[0] |            10.0 |
| clk_fpga_1             | ebaz4205_i/PS/processing_system7_0/inst/FCLK_CLK_unbuffered[1] |            15.6 |
| clk_fpga_2             | ebaz4205_i/PS/processing_system7_0/inst/FCLK_CLK_unbuffered[2] |             6.9 |
| mmcm_fbclk_out         | ebaz4205_i/HDMI/axi_dynclk_0/U0/Inst_mmcme2_drp/mmcm_fbclk_out |            10.0 |
+------------------------+----------------------------------------------------------------+-----------------+


3. Detailed Reports
-------------------

3.1 By Hierarchy
----------------

+--------------------------------+-----------+
| Name                           | Power (W) |
+--------------------------------+-----------+
| ebaz4205_wrapper               |     1.756 |
|   MDIO_ETHERNET_0_0_mdio_iobuf |     0.004 |
|   ebaz4205_i                   |     1.718 |
|     ADC_TestGen                |     0.010 |
|       TestGen                  |     0.009 |
|     AM_demodulator             |     0.023 |
|       I_square                 |     0.002 |
|       Q_square                 |     0.001 |
|       c_addsub_0               |     0.001 |
|       sqrt32_0                 |     0.019 |
|     DDC                        |     0.023 |
|       ComplexMult              |     0.008 |
|       LO                       |     0.015 |
|     FILTER                     |     0.077 |
|       CIC_I_1024               |     0.014 |
|       CIC_Q_1024               |     0.014 |
|       FIR_I_2                  |     0.024 |
|       FIR_Q_2                  |     0.024 |
|     HDMI                       |     0.278 |
|       axi_dynclk_0             |     0.109 |
|       axi_gpio_0               |     0.003 |
|       axi_interconnect_1       |     0.005 |
|       axi_vdma_0               |     0.009 |
|       rgb2dvi_0                |     0.134 |
|       v_axi4s_vid_out_0        |     0.007 |
|       v_tc_0                   |     0.011 |
|     PS                         |     1.290 |
|       processing_system7_0     |     1.289 |
|     axis_capture_RF            |     0.007 |
|       U0                       |     0.007 |
|     ps2_mouse_0                |     0.003 |
|       U0                       |     0.003 |
|     ps7_axi_periph             |     0.008 |
|       s00_couplers             |     0.004 |
+--------------------------------+-----------+


