
*** Running vivado
    with args -log ebaz4205_processing_system7_0_0.vds -m64 -product Vivado -mode batch -messageDb vivado.pb -notrace -source ebaz4205_processing_system7_0_0.tcl


****** Vivado v2022.2 (64-bit)
  **** SW Build 3671981 on Fri Oct 14 04:59:54 MDT 2022
  **** IP Build 3669848 on Fri Oct 14 08:30:02 MDT 2022
    ** Copyright 1986-2022 Xilinx, Inc. All Rights Reserved.

source ebaz4205_processing_system7_0_0.tcl -notrace
INFO: [IP_Flow 19-234] Refreshing IP repositories
INFO: [IP_Flow 19-1700] Loaded user IP repository '/mnt/EEFAF48CFAF45277/EBAZ4205_SDR_HDMI/Zynq/axis-capture'.
INFO: [IP_Flow 19-1700] Loaded user IP repository '/mnt/EEFAF48CFAF45277/PS2_mouse_IP'.
INFO: [IP_Flow 19-1700] Loaded user IP repository '/mnt/EEFAF48CFAF45277/EBAZ4205_SDR_HDMI/Zynq/axi_dynclk_v1_0'.
INFO: [IP_Flow 19-1700] Loaded user IP repository '/mnt/EEFAF48CFAF45277/EBAZ4205_SDR_HDMI/Zynq/rgb2dvi'.
INFO: [IP_Flow 19-2313] Loaded Vivado IP repository '/home/guido/Xilinx-tools/Vivado/2022.2/data/ip'.
Command: synth_design -top ebaz4205_processing_system7_0_0 -part xc7z010clg400-1 -incremental_mode off -mode out_of_context
Starting synth_design
Attempting to get a license for feature 'Synthesis' and/or device 'xc7z010'
INFO: [Common 17-349] Got license for feature 'Synthesis' and/or device 'xc7z010'
INFO: [Device 21-403] Loading part xc7z010clg400-1
INFO: [Synth 8-7079] Multithreading enabled for synth_design using a maximum of 4 processes.
INFO: [Synth 8-7078] Launching helper process for spawning children vivado processes
INFO: [Synth 8-7075] Helper process launched with PID 1045402
INFO: [Synth 8-11241] undeclared symbol 'REGCCE', assumed default net type 'wire' [/home/guido/Xilinx-tools/Vivado/2022.2/data/verilog/src/unimacro/BRAM_SINGLE_MACRO.v:2170]
---------------------------------------------------------------------------------
Starting RTL Elaboration : Time (s): cpu = 00:00:02 ; elapsed = 00:00:02 . Memory (MB): peak = 2055.574 ; gain = 372.738 ; free physical = 414 ; free virtual = 15205
Synthesis current peak Physical Memory [PSS] (MB): peak = 1619.972; parent = 1373.866; children = 246.105
Synthesis current peak Virtual Memory [VSS] (MB): peak = 3041.711; parent = 2061.516; children = 980.195
---------------------------------------------------------------------------------
INFO: [Synth 8-6157] synthesizing module 'ebaz4205_processing_system7_0_0' [/mnt/EEFAF48CFAF45277/EBAZ4205_SDR_HDMI_PS2/Vivado/Vivado.gen/sources_1/bd/ebaz4205/ip/ebaz4205_processing_system7_0_0/synth/ebaz4205_processing_system7_0_0.v:53]
INFO: [Synth 8-6157] synthesizing module 'processing_system7_v5_5_processing_system7' [/mnt/EEFAF48CFAF45277/EBAZ4205_SDR_HDMI_PS2/Vivado/Vivado.gen/sources_1/bd/ebaz4205/ip/ebaz4205_processing_system7_0_0/hdl/verilog/processing_system7_v5_5_processing_system7.v:152]
INFO: [Synth 8-6157] synthesizing module 'BUFG' [/home/guido/Xilinx-tools/Vivado/2022.2/scripts/rt/data/unisim_comp.v:1082]
INFO: [Synth 8-6155] done synthesizing module 'BUFG' (0#1) [/home/guido/Xilinx-tools/Vivado/2022.2/scripts/rt/data/unisim_comp.v:1082]
INFO: [Synth 8-6157] synthesizing module 'BIBUF' [/home/guido/Xilinx-tools/Vivado/2022.2/scripts/rt/data/unisim_comp.v:729]
INFO: [Synth 8-6155] done synthesizing module 'BIBUF' (0#1) [/home/guido/Xilinx-tools/Vivado/2022.2/scripts/rt/data/unisim_comp.v:729]
INFO: [Synth 8-6157] synthesizing module 'PS7' [/home/guido/Xilinx-tools/Vivado/2022.2/scripts/rt/data/unisim_comp.v:109424]
INFO: [Synth 8-6155] done synthesizing module 'PS7' (0#1) [/home/guido/Xilinx-tools/Vivado/2022.2/scripts/rt/data/unisim_comp.v:109424]
INFO: [Synth 8-6155] done synthesizing module 'processing_system7_v5_5_processing_system7' (0#1) [/mnt/EEFAF48CFAF45277/EBAZ4205_SDR_HDMI_PS2/Vivado/Vivado.gen/sources_1/bd/ebaz4205/ip/ebaz4205_processing_system7_0_0/hdl/verilog/processing_system7_v5_5_processing_system7.v:152]
WARNING: [Synth 8-7071] port 'M_AXI_GP0_ARESETN' of module 'processing_system7_v5_5_processing_system7' is unconnected for instance 'inst' [/mnt/EEFAF48CFAF45277/EBAZ4205_SDR_HDMI_PS2/Vivado/Vivado.gen/sources_1/bd/ebaz4205/ip/ebaz4205_processing_system7_0_0/synth/ebaz4205_processing_system7_0_0.v:524]
WARNING: [Synth 8-7071] port 'M_AXI_GP1_ARESETN' of module 'processing_system7_v5_5_processing_system7' is unconnected for instance 'inst' [/mnt/EEFAF48CFAF45277/EBAZ4205_SDR_HDMI_PS2/Vivado/Vivado.gen/sources_1/bd/ebaz4205/ip/ebaz4205_processing_system7_0_0/synth/ebaz4205_processing_system7_0_0.v:524]
WARNING: [Synth 8-7071] port 'S_AXI_GP0_ARESETN' of module 'processing_system7_v5_5_processing_system7' is unconnected for instance 'inst' [/mnt/EEFAF48CFAF45277/EBAZ4205_SDR_HDMI_PS2/Vivado/Vivado.gen/sources_1/bd/ebaz4205/ip/ebaz4205_processing_system7_0_0/synth/ebaz4205_processing_system7_0_0.v:524]
WARNING: [Synth 8-7071] port 'S_AXI_GP1_ARESETN' of module 'processing_system7_v5_5_processing_system7' is unconnected for instance 'inst' [/mnt/EEFAF48CFAF45277/EBAZ4205_SDR_HDMI_PS2/Vivado/Vivado.gen/sources_1/bd/ebaz4205/ip/ebaz4205_processing_system7_0_0/synth/ebaz4205_processing_system7_0_0.v:524]
WARNING: [Synth 8-7071] port 'S_AXI_ACP_ARESETN' of module 'processing_system7_v5_5_processing_system7' is unconnected for instance 'inst' [/mnt/EEFAF48CFAF45277/EBAZ4205_SDR_HDMI_PS2/Vivado/Vivado.gen/sources_1/bd/ebaz4205/ip/ebaz4205_processing_system7_0_0/synth/ebaz4205_processing_system7_0_0.v:524]
WARNING: [Synth 8-7071] port 'S_AXI_HP0_ARESETN' of module 'processing_system7_v5_5_processing_system7' is unconnected for instance 'inst' [/mnt/EEFAF48CFAF45277/EBAZ4205_SDR_HDMI_PS2/Vivado/Vivado.gen/sources_1/bd/ebaz4205/ip/ebaz4205_processing_system7_0_0/synth/ebaz4205_processing_system7_0_0.v:524]
WARNING: [Synth 8-7071] port 'S_AXI_HP1_ARESETN' of module 'processing_system7_v5_5_processing_system7' is unconnected for instance 'inst' [/mnt/EEFAF48CFAF45277/EBAZ4205_SDR_HDMI_PS2/Vivado/Vivado.gen/sources_1/bd/ebaz4205/ip/ebaz4205_processing_system7_0_0/synth/ebaz4205_processing_system7_0_0.v:524]
WARNING: [Synth 8-7071] port 'S_AXI_HP2_ARESETN' of module 'processing_system7_v5_5_processing_system7' is unconnected for instance 'inst' [/mnt/EEFAF48CFAF45277/EBAZ4205_SDR_HDMI_PS2/Vivado/Vivado.gen/sources_1/bd/ebaz4205/ip/ebaz4205_processing_system7_0_0/synth/ebaz4205_processing_system7_0_0.v:524]
WARNING: [Synth 8-7071] port 'S_AXI_HP3_ARESETN' of module 'processing_system7_v5_5_processing_system7' is unconnected for instance 'inst' [/mnt/EEFAF48CFAF45277/EBAZ4205_SDR_HDMI_PS2/Vivado/Vivado.gen/sources_1/bd/ebaz4205/ip/ebaz4205_processing_system7_0_0/synth/ebaz4205_processing_system7_0_0.v:524]
WARNING: [Synth 8-7071] port 'DMA0_RSTN' of module 'processing_system7_v5_5_processing_system7' is unconnected for instance 'inst' [/mnt/EEFAF48CFAF45277/EBAZ4205_SDR_HDMI_PS2/Vivado/Vivado.gen/sources_1/bd/ebaz4205/ip/ebaz4205_processing_system7_0_0/synth/ebaz4205_processing_system7_0_0.v:524]
WARNING: [Synth 8-7071] port 'DMA1_RSTN' of module 'processing_system7_v5_5_processing_system7' is unconnected for instance 'inst' [/mnt/EEFAF48CFAF45277/EBAZ4205_SDR_HDMI_PS2/Vivado/Vivado.gen/sources_1/bd/ebaz4205/ip/ebaz4205_processing_system7_0_0/synth/ebaz4205_processing_system7_0_0.v:524]
WARNING: [Synth 8-7071] port 'DMA2_RSTN' of module 'processing_system7_v5_5_processing_system7' is unconnected for instance 'inst' [/mnt/EEFAF48CFAF45277/EBAZ4205_SDR_HDMI_PS2/Vivado/Vivado.gen/sources_1/bd/ebaz4205/ip/ebaz4205_processing_system7_0_0/synth/ebaz4205_processing_system7_0_0.v:524]
WARNING: [Synth 8-7071] port 'DMA3_RSTN' of module 'processing_system7_v5_5_processing_system7' is unconnected for instance 'inst' [/mnt/EEFAF48CFAF45277/EBAZ4205_SDR_HDMI_PS2/Vivado/Vivado.gen/sources_1/bd/ebaz4205/ip/ebaz4205_processing_system7_0_0/synth/ebaz4205_processing_system7_0_0.v:524]
WARNING: [Synth 8-7023] instance 'inst' of module 'processing_system7_v5_5_processing_system7' has 685 connections declared, but only 672 given [/mnt/EEFAF48CFAF45277/EBAZ4205_SDR_HDMI_PS2/Vivado/Vivado.gen/sources_1/bd/ebaz4205/ip/ebaz4205_processing_system7_0_0/synth/ebaz4205_processing_system7_0_0.v:524]
INFO: [Synth 8-6155] done synthesizing module 'ebaz4205_processing_system7_0_0' (0#1) [/mnt/EEFAF48CFAF45277/EBAZ4205_SDR_HDMI_PS2/Vivado/Vivado.gen/sources_1/bd/ebaz4205/ip/ebaz4205_processing_system7_0_0/synth/ebaz4205_processing_system7_0_0.v:53]
WARNING: [Synth 8-7129] Port ENET1_GMII_COL in module processing_system7_v5_5_processing_system7 is either unconnected or has no load
WARNING: [Synth 8-7129] Port ENET1_GMII_CRS in module processing_system7_v5_5_processing_system7 is either unconnected or has no load
WARNING: [Synth 8-7129] Port ENET1_GMII_RX_DV in module processing_system7_v5_5_processing_system7 is either unconnected or has no load
WARNING: [Synth 8-7129] Port ENET1_GMII_RX_ER in module processing_system7_v5_5_processing_system7 is either unconnected or has no load
WARNING: [Synth 8-7129] Port ENET1_GMII_RXD[7] in module processing_system7_v5_5_processing_system7 is either unconnected or has no load
WARNING: [Synth 8-7129] Port ENET1_GMII_RXD[6] in module processing_system7_v5_5_processing_system7 is either unconnected or has no load
WARNING: [Synth 8-7129] Port ENET1_GMII_RXD[5] in module processing_system7_v5_5_processing_system7 is either unconnected or has no load
WARNING: [Synth 8-7129] Port ENET1_GMII_RXD[4] in module processing_system7_v5_5_processing_system7 is either unconnected or has no load
WARNING: [Synth 8-7129] Port ENET1_GMII_RXD[3] in module processing_system7_v5_5_processing_system7 is either unconnected or has no load
WARNING: [Synth 8-7129] Port ENET1_GMII_RXD[2] in module processing_system7_v5_5_processing_system7 is either unconnected or has no load
WARNING: [Synth 8-7129] Port ENET1_GMII_RXD[1] in module processing_system7_v5_5_processing_system7 is either unconnected or has no load
WARNING: [Synth 8-7129] Port ENET1_GMII_RXD[0] in module processing_system7_v5_5_processing_system7 is either unconnected or has no load
WARNING: [Synth 8-7129] Port S_AXI_GP0_ARSIZE[2] in module processing_system7_v5_5_processing_system7 is either unconnected or has no load
WARNING: [Synth 8-7129] Port S_AXI_GP0_AWSIZE[2] in module processing_system7_v5_5_processing_system7 is either unconnected or has no load
WARNING: [Synth 8-7129] Port S_AXI_GP1_ARSIZE[2] in module processing_system7_v5_5_processing_system7 is either unconnected or has no load
WARNING: [Synth 8-7129] Port S_AXI_GP1_AWSIZE[2] in module processing_system7_v5_5_processing_system7 is either unconnected or has no load
WARNING: [Synth 8-7129] Port S_AXI_ACP_ARSIZE[2] in module processing_system7_v5_5_processing_system7 is either unconnected or has no load
WARNING: [Synth 8-7129] Port S_AXI_ACP_AWSIZE[2] in module processing_system7_v5_5_processing_system7 is either unconnected or has no load
WARNING: [Synth 8-7129] Port S_AXI_HP0_ARSIZE[2] in module processing_system7_v5_5_processing_system7 is either unconnected or has no load
WARNING: [Synth 8-7129] Port S_AXI_HP0_AWSIZE[2] in module processing_system7_v5_5_processing_system7 is either unconnected or has no load
WARNING: [Synth 8-7129] Port S_AXI_HP1_ARSIZE[2] in module processing_system7_v5_5_processing_system7 is either unconnected or has no load
WARNING: [Synth 8-7129] Port S_AXI_HP1_AWSIZE[2] in module processing_system7_v5_5_processing_system7 is either unconnected or has no load
WARNING: [Synth 8-7129] Port S_AXI_HP2_ARSIZE[2] in module processing_system7_v5_5_processing_system7 is either unconnected or has no load
WARNING: [Synth 8-7129] Port S_AXI_HP2_AWSIZE[2] in module processing_system7_v5_5_processing_system7 is either unconnected or has no load
WARNING: [Synth 8-7129] Port S_AXI_HP3_ARSIZE[2] in module processing_system7_v5_5_processing_system7 is either unconnected or has no load
WARNING: [Synth 8-7129] Port S_AXI_HP3_AWSIZE[2] in module processing_system7_v5_5_processing_system7 is either unconnected or has no load
WARNING: [Synth 8-7129] Port FCLK_CLKTRIG3_N in module processing_system7_v5_5_processing_system7 is either unconnected or has no load
WARNING: [Synth 8-7129] Port FCLK_CLKTRIG2_N in module processing_system7_v5_5_processing_system7 is either unconnected or has no load
WARNING: [Synth 8-7129] Port FCLK_CLKTRIG1_N in module processing_system7_v5_5_processing_system7 is either unconnected or has no load
WARNING: [Synth 8-7129] Port FCLK_CLKTRIG0_N in module processing_system7_v5_5_processing_system7 is either unconnected or has no load
WARNING: [Synth 8-7129] Port FTMD_TRACEIN_DATA[31] in module processing_system7_v5_5_processing_system7 is either unconnected or has no load
WARNING: [Synth 8-7129] Port FTMD_TRACEIN_DATA[30] in module processing_system7_v5_5_processing_system7 is either unconnected or has no load
WARNING: [Synth 8-7129] Port FTMD_TRACEIN_DATA[29] in module processing_system7_v5_5_processing_system7 is either unconnected or has no load
WARNING: [Synth 8-7129] Port FTMD_TRACEIN_DATA[28] in module processing_system7_v5_5_processing_system7 is either unconnected or has no load
WARNING: [Synth 8-7129] Port FTMD_TRACEIN_DATA[27] in module processing_system7_v5_5_processing_system7 is either unconnected or has no load
WARNING: [Synth 8-7129] Port FTMD_TRACEIN_DATA[26] in module processing_system7_v5_5_processing_system7 is either unconnected or has no load
WARNING: [Synth 8-7129] Port FTMD_TRACEIN_DATA[25] in module processing_system7_v5_5_processing_system7 is either unconnected or has no load
WARNING: [Synth 8-7129] Port FTMD_TRACEIN_DATA[24] in module processing_system7_v5_5_processing_system7 is either unconnected or has no load
WARNING: [Synth 8-7129] Port FTMD_TRACEIN_DATA[23] in module processing_system7_v5_5_processing_system7 is either unconnected or has no load
WARNING: [Synth 8-7129] Port FTMD_TRACEIN_DATA[22] in module processing_system7_v5_5_processing_system7 is either unconnected or has no load
WARNING: [Synth 8-7129] Port FTMD_TRACEIN_DATA[21] in module processing_system7_v5_5_processing_system7 is either unconnected or has no load
WARNING: [Synth 8-7129] Port FTMD_TRACEIN_DATA[20] in module processing_system7_v5_5_processing_system7 is either unconnected or has no load
WARNING: [Synth 8-7129] Port FTMD_TRACEIN_DATA[19] in module processing_system7_v5_5_processing_system7 is either unconnected or has no load
WARNING: [Synth 8-7129] Port FTMD_TRACEIN_DATA[18] in module processing_system7_v5_5_processing_system7 is either unconnected or has no load
WARNING: [Synth 8-7129] Port FTMD_TRACEIN_DATA[17] in module processing_system7_v5_5_processing_system7 is either unconnected or has no load
WARNING: [Synth 8-7129] Port FTMD_TRACEIN_DATA[16] in module processing_system7_v5_5_processing_system7 is either unconnected or has no load
WARNING: [Synth 8-7129] Port FTMD_TRACEIN_DATA[15] in module processing_system7_v5_5_processing_system7 is either unconnected or has no load
WARNING: [Synth 8-7129] Port FTMD_TRACEIN_DATA[14] in module processing_system7_v5_5_processing_system7 is either unconnected or has no load
WARNING: [Synth 8-7129] Port FTMD_TRACEIN_DATA[13] in module processing_system7_v5_5_processing_system7 is either unconnected or has no load
WARNING: [Synth 8-7129] Port FTMD_TRACEIN_DATA[12] in module processing_system7_v5_5_processing_system7 is either unconnected or has no load
WARNING: [Synth 8-7129] Port FTMD_TRACEIN_DATA[11] in module processing_system7_v5_5_processing_system7 is either unconnected or has no load
WARNING: [Synth 8-7129] Port FTMD_TRACEIN_DATA[10] in module processing_system7_v5_5_processing_system7 is either unconnected or has no load
WARNING: [Synth 8-7129] Port FTMD_TRACEIN_DATA[9] in module processing_system7_v5_5_processing_system7 is either unconnected or has no load
WARNING: [Synth 8-7129] Port FTMD_TRACEIN_DATA[8] in module processing_system7_v5_5_processing_system7 is either unconnected or has no load
WARNING: [Synth 8-7129] Port FTMD_TRACEIN_DATA[7] in module processing_system7_v5_5_processing_system7 is either unconnected or has no load
WARNING: [Synth 8-7129] Port FTMD_TRACEIN_DATA[6] in module processing_system7_v5_5_processing_system7 is either unconnected or has no load
WARNING: [Synth 8-7129] Port FTMD_TRACEIN_DATA[5] in module processing_system7_v5_5_processing_system7 is either unconnected or has no load
WARNING: [Synth 8-7129] Port FTMD_TRACEIN_DATA[4] in module processing_system7_v5_5_processing_system7 is either unconnected or has no load
WARNING: [Synth 8-7129] Port FTMD_TRACEIN_DATA[3] in module processing_system7_v5_5_processing_system7 is either unconnected or has no load
WARNING: [Synth 8-7129] Port FTMD_TRACEIN_DATA[2] in module processing_system7_v5_5_processing_system7 is either unconnected or has no load
WARNING: [Synth 8-7129] Port FTMD_TRACEIN_DATA[1] in module processing_system7_v5_5_processing_system7 is either unconnected or has no load
WARNING: [Synth 8-7129] Port FTMD_TRACEIN_DATA[0] in module processing_system7_v5_5_processing_system7 is either unconnected or has no load
WARNING: [Synth 8-7129] Port FTMD_TRACEIN_VALID in module processing_system7_v5_5_processing_system7 is either unconnected or has no load
WARNING: [Synth 8-7129] Port FTMD_TRACEIN_ATID[3] in module processing_system7_v5_5_processing_system7 is either unconnected or has no load
WARNING: [Synth 8-7129] Port FTMD_TRACEIN_ATID[2] in module processing_system7_v5_5_processing_system7 is either unconnected or has no load
WARNING: [Synth 8-7129] Port FTMD_TRACEIN_ATID[1] in module processing_system7_v5_5_processing_system7 is either unconnected or has no load
WARNING: [Synth 8-7129] Port FTMD_TRACEIN_ATID[0] in module processing_system7_v5_5_processing_system7 is either unconnected or has no load
---------------------------------------------------------------------------------
Finished RTL Elaboration : Time (s): cpu = 00:00:03 ; elapsed = 00:00:03 . Memory (MB): peak = 2133.480 ; gain = 450.645 ; free physical = 491 ; free virtual = 15285
Synthesis current peak Physical Memory [PSS] (MB): peak = 1619.972; parent = 1373.866; children = 246.105
Synthesis current peak Virtual Memory [VSS] (MB): peak = 3113.680; parent = 2133.484; children = 980.195
---------------------------------------------------------------------------------
---------------------------------------------------------------------------------
Start Handling Custom Attributes
---------------------------------------------------------------------------------
---------------------------------------------------------------------------------
Finished Handling Custom Attributes : Time (s): cpu = 00:00:03 ; elapsed = 00:00:03 . Memory (MB): peak = 2151.293 ; gain = 468.457 ; free physical = 491 ; free virtual = 15285
Synthesis current peak Physical Memory [PSS] (MB): peak = 1619.972; parent = 1373.866; children = 246.105
Synthesis current peak Virtual Memory [VSS] (MB): peak = 3131.492; parent = 2151.297; children = 980.195
---------------------------------------------------------------------------------
---------------------------------------------------------------------------------
Finished RTL Optimization Phase 1 : Time (s): cpu = 00:00:03 ; elapsed = 00:00:03 . Memory (MB): peak = 2151.293 ; gain = 468.457 ; free physical = 491 ; free virtual = 15285
Synthesis current peak Physical Memory [PSS] (MB): peak = 1619.972; parent = 1373.866; children = 246.105
Synthesis current peak Virtual Memory [VSS] (MB): peak = 3131.492; parent = 2151.297; children = 980.195
---------------------------------------------------------------------------------
Netlist sorting complete. Time (s): cpu = 00:00:00.01 ; elapsed = 00:00:00.01 . Memory (MB): peak = 2157.230 ; gain = 0.000 ; free physical = 483 ; free virtual = 15277
INFO: [Project 1-570] Preparing netlist for logic optimization

Processing XDC Constraints
Initializing timing engine
Parsing XDC File [/mnt/EEFAF48CFAF45277/EBAZ4205_SDR_HDMI_PS2/Vivado/Vivado.gen/sources_1/bd/ebaz4205/ip/ebaz4205_processing_system7_0_0/ebaz4205_processing_system7_0_0.xdc] for cell 'inst'
Finished Parsing XDC File [/mnt/EEFAF48CFAF45277/EBAZ4205_SDR_HDMI_PS2/Vivado/Vivado.gen/sources_1/bd/ebaz4205/ip/ebaz4205_processing_system7_0_0/ebaz4205_processing_system7_0_0.xdc] for cell 'inst'
INFO: [Project 1-236] Implementation specific constraints were found while reading constraint file [/mnt/EEFAF48CFAF45277/EBAZ4205_SDR_HDMI_PS2/Vivado/Vivado.gen/sources_1/bd/ebaz4205/ip/ebaz4205_processing_system7_0_0/ebaz4205_processing_system7_0_0.xdc]. These constraints will be ignored for synthesis but will be used in implementation. Impacted constraints are listed in the file [.Xil/ebaz4205_processing_system7_0_0_propImpl.xdc].
Resolution: To avoid this warning, move constraints listed in [.Xil/ebaz4205_processing_system7_0_0_propImpl.xdc] to another XDC file and exclude this new file from synthesis with the used_in_synthesis property (File Properties dialog in GUI) and re-run elaboration/synthesis.
Parsing XDC File [/mnt/EEFAF48CFAF45277/EBAZ4205_SDR_HDMI_PS2/Vivado/Vivado.runs/ebaz4205_processing_system7_0_0_synth_1/dont_touch.xdc]
Finished Parsing XDC File [/mnt/EEFAF48CFAF45277/EBAZ4205_SDR_HDMI_PS2/Vivado/Vivado.runs/ebaz4205_processing_system7_0_0_synth_1/dont_touch.xdc]
Completed Processing XDC Constraints

Netlist sorting complete. Time (s): cpu = 00:00:00 ; elapsed = 00:00:00 . Memory (MB): peak = 2230.168 ; gain = 0.000 ; free physical = 401 ; free virtual = 15196
INFO: [Project 1-111] Unisim Transformation Summary:
No Unisim elements were transformed.

Constraint Validation Runtime : Time (s): cpu = 00:00:00.02 ; elapsed = 00:00:00.02 . Memory (MB): peak = 2230.168 ; gain = 0.000 ; free physical = 401 ; free virtual = 15196
INFO: [Designutils 20-5008] Incremental synthesis strategy off
INFO: [Synth 8-11241] undeclared symbol 'REGCCE', assumed default net type 'wire' [/home/guido/Xilinx-tools/Vivado/2022.2/data/verilog/src/unimacro/BRAM_SINGLE_MACRO.v:2170]
---------------------------------------------------------------------------------
Finished Constraint Validation : Time (s): cpu = 00:00:07 ; elapsed = 00:00:07 . Memory (MB): peak = 2230.168 ; gain = 547.332 ; free physical = 464 ; free virtual = 15261
Synthesis current peak Physical Memory [PSS] (MB): peak = 1619.972; parent = 1373.866; children = 246.105
Synthesis current peak Virtual Memory [VSS] (MB): peak = 3178.352; parent = 2198.156; children = 980.195
---------------------------------------------------------------------------------
---------------------------------------------------------------------------------
Start Loading Part and Timing Information
---------------------------------------------------------------------------------
Loading part: xc7z010clg400-1
---------------------------------------------------------------------------------
Finished Loading Part and Timing Information : Time (s): cpu = 00:00:07 ; elapsed = 00:00:07 . Memory (MB): peak = 2230.168 ; gain = 547.332 ; free physical = 464 ; free virtual = 15261
Synthesis current peak Physical Memory [PSS] (MB): peak = 1619.972; parent = 1373.866; children = 246.105
Synthesis current peak Virtual Memory [VSS] (MB): peak = 3178.352; parent = 2198.156; children = 980.195
---------------------------------------------------------------------------------
---------------------------------------------------------------------------------
Start Applying 'set_property' XDC Constraints
---------------------------------------------------------------------------------
Applied set_property KEEP_HIERARCHY = SOFT for inst. (constraint file  /mnt/EEFAF48CFAF45277/EBAZ4205_SDR_HDMI_PS2/Vivado/Vivado.runs/ebaz4205_processing_system7_0_0_synth_1/dont_touch.xdc, line 9).
---------------------------------------------------------------------------------
Finished applying 'set_property' XDC Constraints : Time (s): cpu = 00:00:07 ; elapsed = 00:00:08 . Memory (MB): peak = 2230.168 ; gain = 547.332 ; free physical = 464 ; free virtual = 15261
Synthesis current peak Physical Memory [PSS] (MB): peak = 1619.972; parent = 1373.866; children = 246.105
Synthesis current peak Virtual Memory [VSS] (MB): peak = 3178.352; parent = 2198.156; children = 980.195
---------------------------------------------------------------------------------
---------------------------------------------------------------------------------
Finished RTL Optimization Phase 2 : Time (s): cpu = 00:00:08 ; elapsed = 00:00:08 . Memory (MB): peak = 2230.168 ; gain = 547.332 ; free physical = 462 ; free virtual = 15264
Synthesis current peak Physical Memory [PSS] (MB): peak = 1619.972; parent = 1373.866; children = 246.105
Synthesis current peak Virtual Memory [VSS] (MB): peak = 3178.352; parent = 2198.156; children = 980.195
---------------------------------------------------------------------------------
---------------------------------------------------------------------------------
Start RTL Component Statistics 
---------------------------------------------------------------------------------
Detailed RTL Component Info : 
+---Registers : 
	                8 Bit    Registers := 2     
	                1 Bit    Registers := 6     
---------------------------------------------------------------------------------
Finished RTL Component Statistics 
---------------------------------------------------------------------------------
---------------------------------------------------------------------------------
Start Part Resource Summary
---------------------------------------------------------------------------------
Part Resources:
DSPs: 80 (col length:40)
BRAMs: 120 (col length: RAMB18 40 RAMB36 20)
---------------------------------------------------------------------------------
Finished Part Resource Summary
---------------------------------------------------------------------------------
---------------------------------------------------------------------------------
Start Cross Boundary and Area Optimization
---------------------------------------------------------------------------------
WARNING: [Synth 8-7080] Parallel synthesis criteria is not met
WARNING: [Synth 8-7129] Port ENET1_GMII_COL in module processing_system7_v5_5_processing_system7 is either unconnected or has no load
WARNING: [Synth 8-7129] Port ENET1_GMII_CRS in module processing_system7_v5_5_processing_system7 is either unconnected or has no load
WARNING: [Synth 8-7129] Port ENET1_GMII_RX_DV in module processing_system7_v5_5_processing_system7 is either unconnected or has no load
WARNING: [Synth 8-7129] Port ENET1_GMII_RX_ER in module processing_system7_v5_5_processing_system7 is either unconnected or has no load
WARNING: [Synth 8-7129] Port ENET1_GMII_RXD[7] in module processing_system7_v5_5_processing_system7 is either unconnected or has no load
WARNING: [Synth 8-7129] Port ENET1_GMII_RXD[6] in module processing_system7_v5_5_processing_system7 is either unconnected or has no load
WARNING: [Synth 8-7129] Port ENET1_GMII_RXD[5] in module processing_system7_v5_5_processing_system7 is either unconnected or has no load
WARNING: [Synth 8-7129] Port ENET1_GMII_RXD[4] in module processing_system7_v5_5_processing_system7 is either unconnected or has no load
WARNING: [Synth 8-7129] Port ENET1_GMII_RXD[3] in module processing_system7_v5_5_processing_system7 is either unconnected or has no load
WARNING: [Synth 8-7129] Port ENET1_GMII_RXD[2] in module processing_system7_v5_5_processing_system7 is either unconnected or has no load
WARNING: [Synth 8-7129] Port ENET1_GMII_RXD[1] in module processing_system7_v5_5_processing_system7 is either unconnected or has no load
WARNING: [Synth 8-7129] Port ENET1_GMII_RXD[0] in module processing_system7_v5_5_processing_system7 is either unconnected or has no load
WARNING: [Synth 8-7129] Port S_AXI_GP0_ARSIZE[2] in module processing_system7_v5_5_processing_system7 is either unconnected or has no load
WARNING: [Synth 8-7129] Port S_AXI_GP0_AWSIZE[2] in module processing_system7_v5_5_processing_system7 is either unconnected or has no load
WARNING: [Synth 8-7129] Port S_AXI_GP1_ARSIZE[2] in module processing_system7_v5_5_processing_system7 is either unconnected or has no load
WARNING: [Synth 8-7129] Port S_AXI_GP1_AWSIZE[2] in module processing_system7_v5_5_processing_system7 is either unconnected or has no load
WARNING: [Synth 8-7129] Port S_AXI_ACP_ARSIZE[2] in module processing_system7_v5_5_processing_system7 is either unconnected or has no load
WARNING: [Synth 8-7129] Port S_AXI_ACP_AWSIZE[2] in module processing_system7_v5_5_processing_system7 is either unconnected or has no load
WARNING: [Synth 8-7129] Port S_AXI_HP0_ARSIZE[2] in module processing_system7_v5_5_processing_system7 is either unconnected or has no load
WARNING: [Synth 8-7129] Port S_AXI_HP0_AWSIZE[2] in module processing_system7_v5_5_processing_system7 is either unconnected or has no load
WARNING: [Synth 8-7129] Port S_AXI_HP1_ARSIZE[2] in module processing_system7_v5_5_processing_system7 is either unconnected or has no load
WARNING: [Synth 8-7129] Port S_AXI_HP1_AWSIZE[2] in module processing_system7_v5_5_processing_system7 is either unconnected or has no load
WARNING: [Synth 8-7129] Port S_AXI_HP2_ARSIZE[2] in module processing_system7_v5_5_processing_system7 is either unconnected or has no load
WARNING: [Synth 8-7129] Port S_AXI_HP2_AWSIZE[2] in module processing_system7_v5_5_processing_system7 is either unconnected or has no load
WARNING: [Synth 8-7129] Port S_AXI_HP3_ARSIZE[2] in module processing_system7_v5_5_processing_system7 is either unconnected or has no load
WARNING: [Synth 8-7129] Port S_AXI_HP3_AWSIZE[2] in module processing_system7_v5_5_processing_system7 is either unconnected or has no load
WARNING: [Synth 8-7129] Port FCLK_CLKTRIG3_N in module processing_system7_v5_5_processing_system7 is either unconnected or has no load
WARNING: [Synth 8-7129] Port FCLK_CLKTRIG2_N in module processing_system7_v5_5_processing_system7 is either unconnected or has no load
WARNING: [Synth 8-7129] Port FCLK_CLKTRIG1_N in module processing_system7_v5_5_processing_system7 is either unconnected or has no load
WARNING: [Synth 8-7129] Port FCLK_CLKTRIG0_N in module processing_system7_v5_5_processing_system7 is either unconnected or has no load
WARNING: [Synth 8-7129] Port FTMD_TRACEIN_DATA[31] in module processing_system7_v5_5_processing_system7 is either unconnected or has no load
WARNING: [Synth 8-7129] Port FTMD_TRACEIN_DATA[30] in module processing_system7_v5_5_processing_system7 is either unconnected or has no load
WARNING: [Synth 8-7129] Port FTMD_TRACEIN_DATA[29] in module processing_system7_v5_5_processing_system7 is either unconnected or has no load
INFO: [Common 17-14] Message 'Synth 8-7129' appears 100 times and further instances of the messages will be disabled. Use the Tcl command set_msg_config to change the current settings.
---------------------------------------------------------------------------------
Finished Cross Boundary and Area Optimization : Time (s): cpu = 00:00:08 ; elapsed = 00:00:09 . Memory (MB): peak = 2230.168 ; gain = 547.332 ; free physical = 442 ; free virtual = 15252
Synthesis current peak Physical Memory [PSS] (MB): peak = 1619.972; parent = 1373.866; children = 246.105
Synthesis current peak Virtual Memory [VSS] (MB): peak = 3178.352; parent = 2198.156; children = 980.195
---------------------------------------------------------------------------------
---------------------------------------------------------------------------------
Start Applying XDC Timing Constraints
---------------------------------------------------------------------------------
---------------------------------------------------------------------------------
Finished Applying XDC Timing Constraints : Time (s): cpu = 00:00:11 ; elapsed = 00:00:12 . Memory (MB): peak = 2290.152 ; gain = 607.316 ; free physical = 221 ; free virtual = 15011
Synthesis current peak Physical Memory [PSS] (MB): peak = 1851.579; parent = 1606.368; children = 246.105
Synthesis current peak Virtual Memory [VSS] (MB): peak = 3270.352; parent = 2290.156; children = 980.195
---------------------------------------------------------------------------------
---------------------------------------------------------------------------------
Start Timing Optimization
---------------------------------------------------------------------------------
---------------------------------------------------------------------------------
Finished Timing Optimization : Time (s): cpu = 00:00:11 ; elapsed = 00:00:12 . Memory (MB): peak = 2309.160 ; gain = 626.324 ; free physical = 219 ; free virtual = 14995
Synthesis current peak Physical Memory [PSS] (MB): peak = 1863.470; parent = 1618.280; children = 246.105
Synthesis current peak Virtual Memory [VSS] (MB): peak = 3289.359; parent = 2309.164; children = 980.195
---------------------------------------------------------------------------------
---------------------------------------------------------------------------------
Start Technology Mapping
---------------------------------------------------------------------------------
---------------------------------------------------------------------------------
Finished Technology Mapping : Time (s): cpu = 00:00:11 ; elapsed = 00:00:12 . Memory (MB): peak = 2325.176 ; gain = 642.340 ; free physical = 229 ; free virtual = 14991
Synthesis current peak Physical Memory [PSS] (MB): peak = 1864.192; parent = 1619.003; children = 246.105
Synthesis current peak Virtual Memory [VSS] (MB): peak = 3305.375; parent = 2325.180; children = 980.195
---------------------------------------------------------------------------------
---------------------------------------------------------------------------------
Start IO Insertion
---------------------------------------------------------------------------------
---------------------------------------------------------------------------------
Start Flattening Before IO Insertion
---------------------------------------------------------------------------------
---------------------------------------------------------------------------------
Finished Flattening Before IO Insertion
---------------------------------------------------------------------------------
---------------------------------------------------------------------------------
Start Final Netlist Cleanup
---------------------------------------------------------------------------------
---------------------------------------------------------------------------------
Finished Final Netlist Cleanup
---------------------------------------------------------------------------------
---------------------------------------------------------------------------------
Finished IO Insertion : Time (s): cpu = 00:00:13 ; elapsed = 00:00:14 . Memory (MB): peak = 2328.145 ; gain = 645.309 ; free physical = 232 ; free virtual = 14994
Synthesis current peak Physical Memory [PSS] (MB): peak = 1864.657; parent = 1619.468; children = 246.105
Synthesis current peak Virtual Memory [VSS] (MB): peak = 3308.344; parent = 2328.148; children = 980.195
---------------------------------------------------------------------------------
---------------------------------------------------------------------------------
Start Renaming Generated Instances
---------------------------------------------------------------------------------
---------------------------------------------------------------------------------
Finished Renaming Generated Instances : Time (s): cpu = 00:00:13 ; elapsed = 00:00:14 . Memory (MB): peak = 2328.145 ; gain = 645.309 ; free physical = 232 ; free virtual = 14994
Synthesis current peak Physical Memory [PSS] (MB): peak = 1864.735; parent = 1619.546; children = 246.105
Synthesis current peak Virtual Memory [VSS] (MB): peak = 3308.344; parent = 2328.148; children = 980.195
---------------------------------------------------------------------------------
---------------------------------------------------------------------------------
Start Rebuilding User Hierarchy
---------------------------------------------------------------------------------
---------------------------------------------------------------------------------
Finished Rebuilding User Hierarchy : Time (s): cpu = 00:00:13 ; elapsed = 00:00:14 . Memory (MB): peak = 2328.145 ; gain = 645.309 ; free physical = 232 ; free virtual = 14994
Synthesis current peak Physical Memory [PSS] (MB): peak = 1864.747; parent = 1619.558; children = 246.105
Synthesis current peak Virtual Memory [VSS] (MB): peak = 3308.344; parent = 2328.148; children = 980.195
---------------------------------------------------------------------------------
---------------------------------------------------------------------------------
Start Renaming Generated Ports
---------------------------------------------------------------------------------
---------------------------------------------------------------------------------
Finished Renaming Generated Ports : Time (s): cpu = 00:00:13 ; elapsed = 00:00:14 . Memory (MB): peak = 2328.145 ; gain = 645.309 ; free physical = 232 ; free virtual = 14994
Synthesis current peak Physical Memory [PSS] (MB): peak = 1864.751; parent = 1619.562; children = 246.105
Synthesis current peak Virtual Memory [VSS] (MB): peak = 3308.344; parent = 2328.148; children = 980.195
---------------------------------------------------------------------------------
---------------------------------------------------------------------------------
Start Handling Custom Attributes
---------------------------------------------------------------------------------
---------------------------------------------------------------------------------
Finished Handling Custom Attributes : Time (s): cpu = 00:00:13 ; elapsed = 00:00:14 . Memory (MB): peak = 2328.145 ; gain = 645.309 ; free physical = 232 ; free virtual = 14994
Synthesis current peak Physical Memory [PSS] (MB): peak = 1864.751; parent = 1619.562; children = 246.105
Synthesis current peak Virtual Memory [VSS] (MB): peak = 3308.344; parent = 2328.148; children = 980.195
---------------------------------------------------------------------------------
---------------------------------------------------------------------------------
Start Renaming Generated Nets
---------------------------------------------------------------------------------
---------------------------------------------------------------------------------
Finished Renaming Generated Nets : Time (s): cpu = 00:00:13 ; elapsed = 00:00:14 . Memory (MB): peak = 2328.145 ; gain = 645.309 ; free physical = 232 ; free virtual = 14994
Synthesis current peak Physical Memory [PSS] (MB): peak = 1864.767; parent = 1619.577; children = 246.105
Synthesis current peak Virtual Memory [VSS] (MB): peak = 3308.344; parent = 2328.148; children = 980.195
---------------------------------------------------------------------------------
---------------------------------------------------------------------------------
Start Writing Synthesis Report
---------------------------------------------------------------------------------

Report BlackBoxes: 
+-+--------------+----------+
| |BlackBox name |Instances |
+-+--------------+----------+
+-+--------------+----------+

Report Cell Usage: 
+------+------+------+
|      |Cell  |Count |
+------+------+------+
|1     |BIBUF |   130|
|2     |BUFG  |     4|
|3     |LUT1  |    89|
|4     |PS7   |     1|
|5     |FDRE  |    22|
+------+------+------+
---------------------------------------------------------------------------------
Finished Writing Synthesis Report : Time (s): cpu = 00:00:13 ; elapsed = 00:00:14 . Memory (MB): peak = 2328.145 ; gain = 645.309 ; free physical = 232 ; free virtual = 14994
Synthesis current peak Physical Memory [PSS] (MB): peak = 1864.798; parent = 1619.608; children = 246.105
Synthesis current peak Virtual Memory [VSS] (MB): peak = 3308.344; parent = 2328.148; children = 980.195
---------------------------------------------------------------------------------
Synthesis finished with 0 errors, 0 critical warnings and 68 warnings.
Synthesis Optimization Runtime : Time (s): cpu = 00:00:12 ; elapsed = 00:00:13 . Memory (MB): peak = 2328.145 ; gain = 566.434 ; free physical = 289 ; free virtual = 15051
Synthesis Optimization Complete : Time (s): cpu = 00:00:14 ; elapsed = 00:00:15 . Memory (MB): peak = 2328.152 ; gain = 645.309 ; free physical = 289 ; free virtual = 15051
INFO: [Project 1-571] Translating synthesized netlist
Netlist sorting complete. Time (s): cpu = 00:00:00.01 ; elapsed = 00:00:00.01 . Memory (MB): peak = 2328.152 ; gain = 0.000 ; free physical = 395 ; free virtual = 15157
INFO: [Project 1-570] Preparing netlist for logic optimization
INFO: [Opt 31-138] Pushed 0 inverter(s) to 0 load pin(s).
Netlist sorting complete. Time (s): cpu = 00:00:00 ; elapsed = 00:00:00 . Memory (MB): peak = 2344.988 ; gain = 0.000 ; free physical = 331 ; free virtual = 15093
INFO: [Project 1-111] Unisim Transformation Summary:
No Unisim elements were transformed.

Synth Design complete, checksum: e39aa1a7
INFO: [Common 17-83] Releasing license: Synthesis
33 Infos, 115 Warnings, 0 Critical Warnings and 0 Errors encountered.
synth_design completed successfully
synth_design: Time (s): cpu = 00:00:18 ; elapsed = 00:00:17 . Memory (MB): peak = 2344.988 ; gain = 968.520 ; free physical = 684 ; free virtual = 15446
INFO: [Common 17-1381] The checkpoint '/mnt/EEFAF48CFAF45277/EBAZ4205_SDR_HDMI_PS2/Vivado/Vivado.runs/ebaz4205_processing_system7_0_0_synth_1/ebaz4205_processing_system7_0_0.dcp' has been generated.
INFO: [runtcl-4] Executing : report_utilization -file ebaz4205_processing_system7_0_0_utilization_synth.rpt -pb ebaz4205_processing_system7_0_0_utilization_synth.pb
INFO: [Common 17-206] Exiting Vivado at Sun Mar 19 20:00:26 2023...
