
*** Running vivado
    with args -log ebaz4205_dds_axi_interface_0_2.vds -m64 -product Vivado -mode batch -messageDb vivado.pb -notrace -source ebaz4205_dds_axi_interface_0_2.tcl


****** Vivado v2022.2 (64-bit)
  **** SW Build 3671981 on Fri Oct 14 04:59:54 MDT 2022
  **** IP Build 3669848 on Fri Oct 14 08:30:02 MDT 2022
    ** Copyright 1986-2022 Xilinx, Inc. All Rights Reserved.

source ebaz4205_dds_axi_interface_0_2.tcl -notrace
create_project: Time (s): cpu = 00:00:06 ; elapsed = 00:00:07 . Memory (MB): peak = 1398.609 ; gain = 0.023 ; free physical = 8427 ; free virtual = 13469
INFO: [IP_Flow 19-234] Refreshing IP repositories
INFO: [IP_Flow 19-1700] Loaded user IP repository '/media/guido/Acer/EBAZ4205_SDR_HDMI/Zynq/axis-capture'.
INFO: [IP_Flow 19-1700] Loaded user IP repository '/media/guido/Acer/PS2_mouse_IP'.
INFO: [IP_Flow 19-1700] Loaded user IP repository '/media/guido/Acer/EBAZ4205_SDR_HDMI/Zynq/axi_dynclk_v1_0'.
INFO: [IP_Flow 19-1700] Loaded user IP repository '/media/guido/Acer/EBAZ4205_SDR_HDMI/Zynq/rgb2dvi'.
INFO: [IP_Flow 19-2313] Loaded Vivado IP repository '/home/guido/Xilinx-tools/Vivado/2022.2/data/ip'.
INFO: [IP_Flow 19-6924] IPCACHE: Running cache check for IP inst: ebaz4205_dds_axi_interface_0_2
INFO: [IP_Flow 19-6922] IPCACHE: Exporting cached entry ca33d2398b23b568 to dir: /media/guido/Acer/EBAZ4205_SDR_HDMI_PS2/Vivado/Vivado.runs/ebaz4205_dds_axi_interface_0_2_synth_1
INFO: [IP_Flow 19-6928] IPCACHE: copied cached file /media/guido/Acer/EBAZ4205_SDR_HDMI_PS2/Vivado/Vivado.cache/ip/2022.2/c/a/ca33d2398b23b568/ebaz4205_dds_axi_interface_0_0.dcp to /media/guido/Acer/EBAZ4205_SDR_HDMI_PS2/Vivado/Vivado.runs/ebaz4205_dds_axi_interface_0_2_synth_1/ebaz4205_dds_axi_interface_0_2.dcp.
INFO: [IP_Flow 19-6928] IPCACHE: copied cached file /media/guido/Acer/EBAZ4205_SDR_HDMI_PS2/Vivado/Vivado.cache/ip/2022.2/c/a/ca33d2398b23b568/ebaz4205_dds_axi_interface_0_0_sim_netlist.v to /media/guido/Acer/EBAZ4205_SDR_HDMI_PS2/Vivado/Vivado.runs/ebaz4205_dds_axi_interface_0_2_synth_1/ebaz4205_dds_axi_interface_0_2_sim_netlist.v.
INFO: [IP_Flow 19-6928] IPCACHE: copied cached file /media/guido/Acer/EBAZ4205_SDR_HDMI_PS2/Vivado/Vivado.cache/ip/2022.2/c/a/ca33d2398b23b568/ebaz4205_dds_axi_interface_0_0_sim_netlist.vhdl to /media/guido/Acer/EBAZ4205_SDR_HDMI_PS2/Vivado/Vivado.runs/ebaz4205_dds_axi_interface_0_2_synth_1/ebaz4205_dds_axi_interface_0_2_sim_netlist.vhdl.
INFO: [IP_Flow 19-6928] IPCACHE: copied cached file /media/guido/Acer/EBAZ4205_SDR_HDMI_PS2/Vivado/Vivado.cache/ip/2022.2/c/a/ca33d2398b23b568/ebaz4205_dds_axi_interface_0_0_stub.v to /media/guido/Acer/EBAZ4205_SDR_HDMI_PS2/Vivado/Vivado.runs/ebaz4205_dds_axi_interface_0_2_synth_1/ebaz4205_dds_axi_interface_0_2_stub.v.
INFO: [IP_Flow 19-6928] IPCACHE: copied cached file /media/guido/Acer/EBAZ4205_SDR_HDMI_PS2/Vivado/Vivado.cache/ip/2022.2/c/a/ca33d2398b23b568/ebaz4205_dds_axi_interface_0_0_stub.vhdl to /media/guido/Acer/EBAZ4205_SDR_HDMI_PS2/Vivado/Vivado.runs/ebaz4205_dds_axi_interface_0_2_synth_1/ebaz4205_dds_axi_interface_0_2_stub.vhdl.
INFO: [IP_Flow 19-4838] Using cached IP synthesis design for IP ebaz4205_dds_axi_interface_0_2, cache-ID = ca33d2398b23b568.
INFO: [Common 17-206] Exiting Vivado at Sat Feb 18 17:57:58 2023...
