
*** Running vivado
    with args -log ebaz4205_DivideBy10_0.vds -m64 -product Vivado -mode batch -messageDb vivado.pb -notrace -source ebaz4205_DivideBy10_0.tcl


****** Vivado v2022.2 (64-bit)
  **** SW Build 3671981 on Fri Oct 14 04:59:54 MDT 2022
  **** IP Build 3669848 on Fri Oct 14 08:30:02 MDT 2022
    ** Copyright 1986-2022 Xilinx, Inc. All Rights Reserved.

source ebaz4205_DivideBy10_0.tcl -notrace
create_project: Time (s): cpu = 00:00:06 ; elapsed = 00:00:07 . Memory (MB): peak = 1392.262 ; gain = 0.023 ; free physical = 10470 ; free virtual = 14908
INFO: [IP_Flow 19-234] Refreshing IP repositories
INFO: [IP_Flow 19-1700] Loaded user IP repository '/media/guido/Acer/EBAZ4205_SDR_HDMI/Zynq/axis-capture'.
INFO: [IP_Flow 19-1700] Loaded user IP repository '/media/guido/Acer/PS2_mouse_IP'.
INFO: [IP_Flow 19-1700] Loaded user IP repository '/media/guido/Acer/EBAZ4205_SDR_HDMI/Zynq/axi_dynclk_v1_0'.
INFO: [IP_Flow 19-1700] Loaded user IP repository '/media/guido/Acer/EBAZ4205_SDR_HDMI/Zynq/rgb2dvi'.
INFO: [IP_Flow 19-2313] Loaded Vivado IP repository '/home/guido/Xilinx-tools/Vivado/2022.2/data/ip'.
INFO: [IP_Flow 19-6924] IPCACHE: Running cache check for IP inst: ebaz4205_DivideBy10_0
Command: synth_design -top ebaz4205_DivideBy10_0 -part xc7z010clg400-1 -incremental_mode off -mode out_of_context
Starting synth_design
Attempting to get a license for feature 'Synthesis' and/or device 'xc7z010'
INFO: [Common 17-349] Got license for feature 'Synthesis' and/or device 'xc7z010'
INFO: [Device 21-403] Loading part xc7z010clg400-1
INFO: [Synth 8-7079] Multithreading enabled for synth_design using a maximum of 4 processes.
INFO: [Synth 8-7078] Launching helper process for spawning children vivado processes
INFO: [Synth 8-7075] Helper process launched with PID 816882
INFO: [Synth 8-11241] undeclared symbol 'REGCCE', assumed default net type 'wire' [/home/guido/Xilinx-tools/Vivado/2022.2/data/verilog/src/unimacro/BRAM_SINGLE_MACRO.v:2170]
---------------------------------------------------------------------------------
Starting RTL Elaboration : Time (s): cpu = 00:00:05 ; elapsed = 00:00:06 . Memory (MB): peak = 2049.461 ; gain = 370.770 ; free physical = 4551 ; free virtual = 9075
Synthesis current peak Physical Memory [PSS] (MB): peak = 1367.081; parent = 1121.667; children = 245.414
Synthesis current peak Virtual Memory [VSS] (MB): peak = 3030.633; parent = 2053.434; children = 977.199
---------------------------------------------------------------------------------
INFO: [Synth 8-6157] synthesizing module 'ebaz4205_DivideBy10_0' [/media/guido/Acer/EBAZ4205_SDR_HDMI_PS2/Vivado/Vivado.gen/sources_1/bd/ebaz4205/ip/ebaz4205_DivideBy10_0/synth/ebaz4205_DivideBy10_0.v:53]
INFO: [Synth 8-6157] synthesizing module 'DivideBy2N' [/media/guido/Acer/EBAZ4205_SDR_HDMI_PS2/Vivado/Vivado.srcs/sources_1/new/DivideBy2N.v:21]
INFO: [Synth 8-6155] done synthesizing module 'DivideBy2N' (0#1) [/media/guido/Acer/EBAZ4205_SDR_HDMI_PS2/Vivado/Vivado.srcs/sources_1/new/DivideBy2N.v:21]
INFO: [Synth 8-6155] done synthesizing module 'ebaz4205_DivideBy10_0' (0#1) [/media/guido/Acer/EBAZ4205_SDR_HDMI_PS2/Vivado/Vivado.gen/sources_1/bd/ebaz4205/ip/ebaz4205_DivideBy10_0/synth/ebaz4205_DivideBy10_0.v:53]
---------------------------------------------------------------------------------
Finished RTL Elaboration : Time (s): cpu = 00:00:06 ; elapsed = 00:00:08 . Memory (MB): peak = 2120.398 ; gain = 441.707 ; free physical = 3687 ; free virtual = 8234
Synthesis current peak Physical Memory [PSS] (MB): peak = 1367.081; parent = 1121.667; children = 245.414
Synthesis current peak Virtual Memory [VSS] (MB): peak = 3097.602; parent = 2120.402; children = 977.199
---------------------------------------------------------------------------------
---------------------------------------------------------------------------------
Start Handling Custom Attributes
---------------------------------------------------------------------------------
---------------------------------------------------------------------------------
Finished Handling Custom Attributes : Time (s): cpu = 00:00:07 ; elapsed = 00:00:09 . Memory (MB): peak = 2138.211 ; gain = 459.520 ; free physical = 3909 ; free virtual = 8462
Synthesis current peak Physical Memory [PSS] (MB): peak = 1367.081; parent = 1121.667; children = 245.414
Synthesis current peak Virtual Memory [VSS] (MB): peak = 3115.414; parent = 2138.215; children = 977.199
---------------------------------------------------------------------------------
---------------------------------------------------------------------------------
Finished RTL Optimization Phase 1 : Time (s): cpu = 00:00:07 ; elapsed = 00:00:09 . Memory (MB): peak = 2138.211 ; gain = 459.520 ; free physical = 3902 ; free virtual = 8459
Synthesis current peak Physical Memory [PSS] (MB): peak = 1367.081; parent = 1121.667; children = 245.414
Synthesis current peak Virtual Memory [VSS] (MB): peak = 3115.414; parent = 2138.215; children = 977.199
---------------------------------------------------------------------------------
Netlist sorting complete. Time (s): cpu = 00:00:00 ; elapsed = 00:00:00 . Memory (MB): peak = 2138.211 ; gain = 0.000 ; free physical = 3754 ; free virtual = 8310
INFO: [Project 1-570] Preparing netlist for logic optimization

Processing XDC Constraints
Initializing timing engine
Completed Processing XDC Constraints

Netlist sorting complete. Time (s): cpu = 00:00:00 ; elapsed = 00:00:00 . Memory (MB): peak = 2251.961 ; gain = 0.000 ; free physical = 3452 ; free virtual = 8041
INFO: [Project 1-111] Unisim Transformation Summary:
No Unisim elements were transformed.

Constraint Validation Runtime : Time (s): cpu = 00:00:00.01 ; elapsed = 00:00:00.01 . Memory (MB): peak = 2251.961 ; gain = 0.000 ; free physical = 3440 ; free virtual = 8029
INFO: [Designutils 20-5008] Incremental synthesis strategy off
INFO: [Synth 8-11241] undeclared symbol 'REGCCE', assumed default net type 'wire' [/home/guido/Xilinx-tools/Vivado/2022.2/data/verilog/src/unimacro/BRAM_SINGLE_MACRO.v:2170]
---------------------------------------------------------------------------------
Finished Constraint Validation : Time (s): cpu = 00:00:14 ; elapsed = 00:00:18 . Memory (MB): peak = 2251.961 ; gain = 573.270 ; free physical = 6598 ; free virtual = 11277
Synthesis current peak Physical Memory [PSS] (MB): peak = 1367.081; parent = 1121.667; children = 245.414
Synthesis current peak Virtual Memory [VSS] (MB): peak = 3197.148; parent = 2219.949; children = 977.199
---------------------------------------------------------------------------------
---------------------------------------------------------------------------------
Start Loading Part and Timing Information
---------------------------------------------------------------------------------
Loading part: xc7z010clg400-1
---------------------------------------------------------------------------------
Finished Loading Part and Timing Information : Time (s): cpu = 00:00:14 ; elapsed = 00:00:18 . Memory (MB): peak = 2251.961 ; gain = 573.270 ; free physical = 6573 ; free virtual = 11261
Synthesis current peak Physical Memory [PSS] (MB): peak = 1367.081; parent = 1121.667; children = 245.414
Synthesis current peak Virtual Memory [VSS] (MB): peak = 3197.148; parent = 2219.949; children = 977.199
---------------------------------------------------------------------------------
---------------------------------------------------------------------------------
Start Applying 'set_property' XDC Constraints
---------------------------------------------------------------------------------
---------------------------------------------------------------------------------
Finished applying 'set_property' XDC Constraints : Time (s): cpu = 00:00:14 ; elapsed = 00:00:18 . Memory (MB): peak = 2251.961 ; gain = 573.270 ; free physical = 6552 ; free virtual = 11246
Synthesis current peak Physical Memory [PSS] (MB): peak = 1367.081; parent = 1121.667; children = 245.414
Synthesis current peak Virtual Memory [VSS] (MB): peak = 3197.148; parent = 2219.949; children = 977.199
---------------------------------------------------------------------------------
---------------------------------------------------------------------------------
Finished RTL Optimization Phase 2 : Time (s): cpu = 00:00:14 ; elapsed = 00:00:18 . Memory (MB): peak = 2251.961 ; gain = 573.270 ; free physical = 6395 ; free virtual = 11087
Synthesis current peak Physical Memory [PSS] (MB): peak = 1367.081; parent = 1121.667; children = 245.414
Synthesis current peak Virtual Memory [VSS] (MB): peak = 3197.148; parent = 2219.949; children = 977.199
---------------------------------------------------------------------------------
---------------------------------------------------------------------------------
Start RTL Component Statistics 
---------------------------------------------------------------------------------
Detailed RTL Component Info : 
+---Adders : 
	   2 Input    3 Bit       Adders := 1     
+---Registers : 
	                3 Bit    Registers := 1     
	                1 Bit    Registers := 1     
+---Muxes : 
	   2 Input    3 Bit        Muxes := 1     
---------------------------------------------------------------------------------
Finished RTL Component Statistics 
---------------------------------------------------------------------------------
---------------------------------------------------------------------------------
Start Part Resource Summary
---------------------------------------------------------------------------------
Part Resources:
DSPs: 80 (col length:40)
BRAMs: 120 (col length: RAMB18 40 RAMB36 20)
---------------------------------------------------------------------------------
Finished Part Resource Summary
---------------------------------------------------------------------------------
---------------------------------------------------------------------------------
Start Cross Boundary and Area Optimization
---------------------------------------------------------------------------------
WARNING: [Synth 8-7080] Parallel synthesis criteria is not met
---------------------------------------------------------------------------------
Finished Cross Boundary and Area Optimization : Time (s): cpu = 00:00:16 ; elapsed = 00:00:20 . Memory (MB): peak = 2251.961 ; gain = 573.270 ; free physical = 6062 ; free virtual = 10799
Synthesis current peak Physical Memory [PSS] (MB): peak = 1367.081; parent = 1121.667; children = 245.414
Synthesis current peak Virtual Memory [VSS] (MB): peak = 3197.148; parent = 2219.949; children = 977.199
---------------------------------------------------------------------------------
---------------------------------------------------------------------------------
Start Applying XDC Timing Constraints
---------------------------------------------------------------------------------
---------------------------------------------------------------------------------
Finished Applying XDC Timing Constraints : Time (s): cpu = 00:00:21 ; elapsed = 00:00:27 . Memory (MB): peak = 2251.961 ; gain = 573.270 ; free physical = 5064 ; free virtual = 9871
Synthesis current peak Physical Memory [PSS] (MB): peak = 1367.081; parent = 1193.800; children = 245.414
Synthesis current peak Virtual Memory [VSS] (MB): peak = 3197.148; parent = 2219.949; children = 977.199
---------------------------------------------------------------------------------
---------------------------------------------------------------------------------
Start Timing Optimization
---------------------------------------------------------------------------------
---------------------------------------------------------------------------------
Finished Timing Optimization : Time (s): cpu = 00:00:21 ; elapsed = 00:00:27 . Memory (MB): peak = 2251.961 ; gain = 573.270 ; free physical = 5062 ; free virtual = 9868
Synthesis current peak Physical Memory [PSS] (MB): peak = 1367.081; parent = 1193.837; children = 245.414
Synthesis current peak Virtual Memory [VSS] (MB): peak = 3197.148; parent = 2219.949; children = 977.199
---------------------------------------------------------------------------------
---------------------------------------------------------------------------------
Start Technology Mapping
---------------------------------------------------------------------------------
---------------------------------------------------------------------------------
Finished Technology Mapping : Time (s): cpu = 00:00:21 ; elapsed = 00:00:27 . Memory (MB): peak = 2251.961 ; gain = 573.270 ; free physical = 5041 ; free virtual = 9848
Synthesis current peak Physical Memory [PSS] (MB): peak = 1367.081; parent = 1193.928; children = 245.414
Synthesis current peak Virtual Memory [VSS] (MB): peak = 3197.148; parent = 2219.949; children = 977.199
---------------------------------------------------------------------------------
---------------------------------------------------------------------------------
Start IO Insertion
---------------------------------------------------------------------------------
---------------------------------------------------------------------------------
Start Flattening Before IO Insertion
---------------------------------------------------------------------------------
---------------------------------------------------------------------------------
Finished Flattening Before IO Insertion
---------------------------------------------------------------------------------
---------------------------------------------------------------------------------
Start Final Netlist Cleanup
---------------------------------------------------------------------------------
---------------------------------------------------------------------------------
Finished Final Netlist Cleanup
---------------------------------------------------------------------------------
---------------------------------------------------------------------------------
Finished IO Insertion : Time (s): cpu = 00:00:26 ; elapsed = 00:00:33 . Memory (MB): peak = 2251.961 ; gain = 573.270 ; free physical = 4755 ; free virtual = 9618
Synthesis current peak Physical Memory [PSS] (MB): peak = 1367.081; parent = 1194.820; children = 245.414
Synthesis current peak Virtual Memory [VSS] (MB): peak = 3197.148; parent = 2219.949; children = 977.199
---------------------------------------------------------------------------------
---------------------------------------------------------------------------------
Start Renaming Generated Instances
---------------------------------------------------------------------------------
---------------------------------------------------------------------------------
Finished Renaming Generated Instances : Time (s): cpu = 00:00:26 ; elapsed = 00:00:33 . Memory (MB): peak = 2251.961 ; gain = 573.270 ; free physical = 4729 ; free virtual = 9592
Synthesis current peak Physical Memory [PSS] (MB): peak = 1367.081; parent = 1194.820; children = 245.414
Synthesis current peak Virtual Memory [VSS] (MB): peak = 3197.148; parent = 2219.949; children = 977.199
---------------------------------------------------------------------------------
---------------------------------------------------------------------------------
Start Rebuilding User Hierarchy
---------------------------------------------------------------------------------
---------------------------------------------------------------------------------
Finished Rebuilding User Hierarchy : Time (s): cpu = 00:00:26 ; elapsed = 00:00:33 . Memory (MB): peak = 2251.961 ; gain = 573.270 ; free physical = 4717 ; free virtual = 9580
Synthesis current peak Physical Memory [PSS] (MB): peak = 1367.081; parent = 1194.820; children = 245.414
Synthesis current peak Virtual Memory [VSS] (MB): peak = 3197.148; parent = 2219.949; children = 977.199
---------------------------------------------------------------------------------
---------------------------------------------------------------------------------
Start Renaming Generated Ports
---------------------------------------------------------------------------------
---------------------------------------------------------------------------------
Finished Renaming Generated Ports : Time (s): cpu = 00:00:26 ; elapsed = 00:00:33 . Memory (MB): peak = 2251.961 ; gain = 573.270 ; free physical = 4704 ; free virtual = 9568
Synthesis current peak Physical Memory [PSS] (MB): peak = 1367.081; parent = 1194.820; children = 245.414
Synthesis current peak Virtual Memory [VSS] (MB): peak = 3197.148; parent = 2219.949; children = 977.199
---------------------------------------------------------------------------------
---------------------------------------------------------------------------------
Start Handling Custom Attributes
---------------------------------------------------------------------------------
---------------------------------------------------------------------------------
Finished Handling Custom Attributes : Time (s): cpu = 00:00:26 ; elapsed = 00:00:33 . Memory (MB): peak = 2251.961 ; gain = 573.270 ; free physical = 4699 ; free virtual = 9566
Synthesis current peak Physical Memory [PSS] (MB): peak = 1367.081; parent = 1194.820; children = 245.414
Synthesis current peak Virtual Memory [VSS] (MB): peak = 3197.148; parent = 2219.949; children = 977.199
---------------------------------------------------------------------------------
---------------------------------------------------------------------------------
Start Renaming Generated Nets
---------------------------------------------------------------------------------
---------------------------------------------------------------------------------
Finished Renaming Generated Nets : Time (s): cpu = 00:00:26 ; elapsed = 00:00:33 . Memory (MB): peak = 2251.961 ; gain = 573.270 ; free physical = 4682 ; free virtual = 9551
Synthesis current peak Physical Memory [PSS] (MB): peak = 1367.081; parent = 1194.820; children = 245.414
Synthesis current peak Virtual Memory [VSS] (MB): peak = 3197.148; parent = 2219.949; children = 977.199
---------------------------------------------------------------------------------
---------------------------------------------------------------------------------
Start Writing Synthesis Report
---------------------------------------------------------------------------------

Report BlackBoxes: 
+-+--------------+----------+
| |BlackBox name |Instances |
+-+--------------+----------+
+-+--------------+----------+

Report Cell Usage: 
+------+-----+------+
|      |Cell |Count |
+------+-----+------+
|1     |LUT1 |     1|
|2     |LUT2 |     1|
|3     |LUT3 |     2|
|4     |LUT4 |     1|
|5     |FDCE |     4|
+------+-----+------+
---------------------------------------------------------------------------------
Finished Writing Synthesis Report : Time (s): cpu = 00:00:26 ; elapsed = 00:00:33 . Memory (MB): peak = 2251.961 ; gain = 573.270 ; free physical = 4662 ; free virtual = 9536
Synthesis current peak Physical Memory [PSS] (MB): peak = 1367.081; parent = 1194.820; children = 245.414
Synthesis current peak Virtual Memory [VSS] (MB): peak = 3197.148; parent = 2219.949; children = 977.199
---------------------------------------------------------------------------------
Synthesis finished with 0 errors, 0 critical warnings and 1 warnings.
Synthesis Optimization Runtime : Time (s): cpu = 00:00:24 ; elapsed = 00:00:31 . Memory (MB): peak = 2251.961 ; gain = 459.520 ; free physical = 4657 ; free virtual = 9541
Synthesis Optimization Complete : Time (s): cpu = 00:00:26 ; elapsed = 00:00:33 . Memory (MB): peak = 2251.961 ; gain = 573.270 ; free physical = 4687 ; free virtual = 9573
INFO: [Project 1-571] Translating synthesized netlist
Netlist sorting complete. Time (s): cpu = 00:00:00 ; elapsed = 00:00:00 . Memory (MB): peak = 2251.961 ; gain = 0.000 ; free physical = 4670 ; free virtual = 9561
INFO: [Project 1-570] Preparing netlist for logic optimization
INFO: [Opt 31-138] Pushed 0 inverter(s) to 0 load pin(s).
Netlist sorting complete. Time (s): cpu = 00:00:00 ; elapsed = 00:00:00 . Memory (MB): peak = 2251.961 ; gain = 0.000 ; free physical = 4460 ; free virtual = 9367
INFO: [Project 1-111] Unisim Transformation Summary:
No Unisim elements were transformed.

Synth Design complete, checksum: d7bff153
INFO: [Common 17-83] Releasing license: Synthesis
26 Infos, 1 Warnings, 0 Critical Warnings and 0 Errors encountered.
synth_design completed successfully
synth_design: Time (s): cpu = 00:00:34 ; elapsed = 00:00:39 . Memory (MB): peak = 2251.961 ; gain = 859.699 ; free physical = 4619 ; free virtual = 9527
INFO: [Common 17-1381] The checkpoint '/media/guido/Acer/EBAZ4205_SDR_HDMI_PS2/Vivado/Vivado.runs/ebaz4205_DivideBy10_0_synth_1/ebaz4205_DivideBy10_0.dcp' has been generated.
INFO: [Coretcl 2-1648] Added synthesis output to IP cache for IP ebaz4205_DivideBy10_0, cache-ID = 0fe27e25182546f2
INFO: [Common 17-1381] The checkpoint '/media/guido/Acer/EBAZ4205_SDR_HDMI_PS2/Vivado/Vivado.runs/ebaz4205_DivideBy10_0_synth_1/ebaz4205_DivideBy10_0.dcp' has been generated.
INFO: [runtcl-4] Executing : report_utilization -file ebaz4205_DivideBy10_0_utilization_synth.rpt -pb ebaz4205_DivideBy10_0_utilization_synth.pb
INFO: [Common 17-206] Exiting Vivado at Sat Feb 18 17:57:35 2023...
