
*** Running vivado
    with args -log ebaz4205_DivideBy2N_0_0.vds -m64 -product Vivado -mode batch -messageDb vivado.pb -notrace -source ebaz4205_DivideBy2N_0_0.tcl


****** Vivado v2022.2 (64-bit)
  **** SW Build 3671981 on Fri Oct 14 04:59:54 MDT 2022
  **** IP Build 3669848 on Fri Oct 14 08:30:02 MDT 2022
    ** Copyright 1986-2022 Xilinx, Inc. All Rights Reserved.

source ebaz4205_DivideBy2N_0_0.tcl -notrace
create_project: Time (s): cpu = 00:00:06 ; elapsed = 00:00:07 . Memory (MB): peak = 1394.906 ; gain = 0.023 ; free physical = 9920 ; free virtual = 16740
INFO: [IP_Flow 19-234] Refreshing IP repositories
INFO: [IP_Flow 19-1700] Loaded user IP repository '/media/guido/Acer/EBAZ4205_SDR_HDMI/Zynq/axis-capture'.
INFO: [IP_Flow 19-1700] Loaded user IP repository '/media/guido/Acer/PS2_mouse_IP'.
INFO: [IP_Flow 19-1700] Loaded user IP repository '/media/guido/Acer/EBAZ4205_SDR_HDMI/Zynq/axi_dynclk_v1_0'.
INFO: [IP_Flow 19-1700] Loaded user IP repository '/media/guido/Acer/EBAZ4205_SDR_HDMI/Zynq/rgb2dvi'.
INFO: [IP_Flow 19-2313] Loaded Vivado IP repository '/home/guido/Xilinx-tools/Vivado/2022.2/data/ip'.
INFO: [IP_Flow 19-6924] IPCACHE: Running cache check for IP inst: ebaz4205_DivideBy2N_0_0
Command: synth_design -top ebaz4205_DivideBy2N_0_0 -part xc7z010clg400-1 -incremental_mode off -mode out_of_context
Starting synth_design
Attempting to get a license for feature 'Synthesis' and/or device 'xc7z010'
INFO: [Common 17-349] Got license for feature 'Synthesis' and/or device 'xc7z010'
INFO: [Device 21-403] Loading part xc7z010clg400-1
INFO: [Synth 8-7079] Multithreading enabled for synth_design using a maximum of 4 processes.
INFO: [Synth 8-7078] Launching helper process for spawning children vivado processes
INFO: [Synth 8-7075] Helper process launched with PID 814662
INFO: [Synth 8-11241] undeclared symbol 'REGCCE', assumed default net type 'wire' [/home/guido/Xilinx-tools/Vivado/2022.2/data/verilog/src/unimacro/BRAM_SINGLE_MACRO.v:2170]
---------------------------------------------------------------------------------
Starting RTL Elaboration : Time (s): cpu = 00:00:05 ; elapsed = 00:00:09 . Memory (MB): peak = 2048.105 ; gain = 370.770 ; free physical = 320 ; free virtual = 4428
Synthesis current peak Physical Memory [PSS] (MB): peak = 1241.525; parent = 1119.243; children = 122.282
Synthesis current peak Virtual Memory [VSS] (MB): peak = 3002.730; parent = 2054.047; children = 948.684
---------------------------------------------------------------------------------
INFO: [Synth 8-6157] synthesizing module 'ebaz4205_DivideBy2N_0_0' [/media/guido/Acer/EBAZ4205_SDR_HDMI_PS2/Vivado/Vivado.gen/sources_1/bd/ebaz4205/ip/ebaz4205_DivideBy2N_0_0/synth/ebaz4205_DivideBy2N_0_0.v:53]
INFO: [Synth 8-6157] synthesizing module 'DivideBy2N' [/media/guido/Acer/EBAZ4205_SDR_HDMI_PS2/Vivado/Vivado.srcs/sources_1/new/DivideBy2N.v:21]
INFO: [Synth 8-6155] done synthesizing module 'DivideBy2N' (0#1) [/media/guido/Acer/EBAZ4205_SDR_HDMI_PS2/Vivado/Vivado.srcs/sources_1/new/DivideBy2N.v:21]
INFO: [Synth 8-6155] done synthesizing module 'ebaz4205_DivideBy2N_0_0' (0#1) [/media/guido/Acer/EBAZ4205_SDR_HDMI_PS2/Vivado/Vivado.gen/sources_1/bd/ebaz4205/ip/ebaz4205_DivideBy2N_0_0/synth/ebaz4205_DivideBy2N_0_0.v:53]
---------------------------------------------------------------------------------
Finished RTL Elaboration : Time (s): cpu = 00:00:07 ; elapsed = 00:00:12 . Memory (MB): peak = 2120.012 ; gain = 442.676 ; free physical = 257 ; free virtual = 3338
Synthesis current peak Physical Memory [PSS] (MB): peak = 1275.435; parent = 1153.152; children = 122.282
Synthesis current peak Virtual Memory [VSS] (MB): peak = 3068.699; parent = 2120.016; children = 948.684
---------------------------------------------------------------------------------
---------------------------------------------------------------------------------
Start Handling Custom Attributes
---------------------------------------------------------------------------------
---------------------------------------------------------------------------------
Finished Handling Custom Attributes : Time (s): cpu = 00:00:07 ; elapsed = 00:00:12 . Memory (MB): peak = 2134.855 ; gain = 457.520 ; free physical = 255 ; free virtual = 3293
Synthesis current peak Physical Memory [PSS] (MB): peak = 1275.435; parent = 1153.152; children = 122.282
Synthesis current peak Virtual Memory [VSS] (MB): peak = 3083.543; parent = 2134.859; children = 948.684
---------------------------------------------------------------------------------
---------------------------------------------------------------------------------
Finished RTL Optimization Phase 1 : Time (s): cpu = 00:00:07 ; elapsed = 00:00:12 . Memory (MB): peak = 2134.855 ; gain = 457.520 ; free physical = 272 ; free virtual = 3296
Synthesis current peak Physical Memory [PSS] (MB): peak = 1275.435; parent = 1153.152; children = 122.282
Synthesis current peak Virtual Memory [VSS] (MB): peak = 3083.543; parent = 2134.859; children = 948.684
---------------------------------------------------------------------------------
Netlist sorting complete. Time (s): cpu = 00:00:00 ; elapsed = 00:00:00 . Memory (MB): peak = 2134.855 ; gain = 0.000 ; free physical = 274 ; free virtual = 3298
INFO: [Project 1-570] Preparing netlist for logic optimization

Processing XDC Constraints
Initializing timing engine
Completed Processing XDC Constraints

Netlist sorting complete. Time (s): cpu = 00:00:00 ; elapsed = 00:00:00 . Memory (MB): peak = 2243.605 ; gain = 0.000 ; free physical = 990 ; free virtual = 3948
INFO: [Project 1-111] Unisim Transformation Summary:
No Unisim elements were transformed.

Constraint Validation Runtime : Time (s): cpu = 00:00:00.02 ; elapsed = 00:00:00.02 . Memory (MB): peak = 2243.605 ; gain = 0.000 ; free physical = 991 ; free virtual = 3949
INFO: [Designutils 20-5008] Incremental synthesis strategy off
INFO: [Synth 8-11241] undeclared symbol 'REGCCE', assumed default net type 'wire' [/home/guido/Xilinx-tools/Vivado/2022.2/data/verilog/src/unimacro/BRAM_SINGLE_MACRO.v:2170]
---------------------------------------------------------------------------------
Finished Constraint Validation : Time (s): cpu = 00:00:14 ; elapsed = 00:00:21 . Memory (MB): peak = 2243.605 ; gain = 566.270 ; free physical = 912 ; free virtual = 4139
Synthesis current peak Physical Memory [PSS] (MB): peak = 1275.435; parent = 1153.152; children = 122.282
Synthesis current peak Virtual Memory [VSS] (MB): peak = 3160.277; parent = 2211.594; children = 948.684
---------------------------------------------------------------------------------
---------------------------------------------------------------------------------
Start Loading Part and Timing Information
---------------------------------------------------------------------------------
Loading part: xc7z010clg400-1
---------------------------------------------------------------------------------
Finished Loading Part and Timing Information : Time (s): cpu = 00:00:14 ; elapsed = 00:00:21 . Memory (MB): peak = 2243.605 ; gain = 566.270 ; free physical = 924 ; free virtual = 4155
Synthesis current peak Physical Memory [PSS] (MB): peak = 1275.435; parent = 1153.152; children = 122.282
Synthesis current peak Virtual Memory [VSS] (MB): peak = 3160.277; parent = 2211.594; children = 948.684
---------------------------------------------------------------------------------
---------------------------------------------------------------------------------
Start Applying 'set_property' XDC Constraints
---------------------------------------------------------------------------------
---------------------------------------------------------------------------------
Finished applying 'set_property' XDC Constraints : Time (s): cpu = 00:00:14 ; elapsed = 00:00:21 . Memory (MB): peak = 2243.605 ; gain = 566.270 ; free physical = 893 ; free virtual = 4131
Synthesis current peak Physical Memory [PSS] (MB): peak = 1275.435; parent = 1153.152; children = 122.282
Synthesis current peak Virtual Memory [VSS] (MB): peak = 3160.277; parent = 2211.594; children = 948.684
---------------------------------------------------------------------------------
---------------------------------------------------------------------------------
Finished RTL Optimization Phase 2 : Time (s): cpu = 00:00:15 ; elapsed = 00:00:22 . Memory (MB): peak = 2243.605 ; gain = 566.270 ; free physical = 724 ; free virtual = 4031
Synthesis current peak Physical Memory [PSS] (MB): peak = 1275.435; parent = 1153.152; children = 122.282
Synthesis current peak Virtual Memory [VSS] (MB): peak = 3160.277; parent = 2211.594; children = 948.684
---------------------------------------------------------------------------------
---------------------------------------------------------------------------------
Start RTL Component Statistics 
---------------------------------------------------------------------------------
Detailed RTL Component Info : 
+---Adders : 
	   2 Input    2 Bit       Adders := 1     
+---Registers : 
	                2 Bit    Registers := 1     
	                1 Bit    Registers := 1     
+---Muxes : 
	   2 Input    2 Bit        Muxes := 1     
---------------------------------------------------------------------------------
Finished RTL Component Statistics 
---------------------------------------------------------------------------------
---------------------------------------------------------------------------------
Start Part Resource Summary
---------------------------------------------------------------------------------
Part Resources:
DSPs: 80 (col length:40)
BRAMs: 120 (col length: RAMB18 40 RAMB36 20)
---------------------------------------------------------------------------------
Finished Part Resource Summary
---------------------------------------------------------------------------------
---------------------------------------------------------------------------------
Start Cross Boundary and Area Optimization
---------------------------------------------------------------------------------
WARNING: [Synth 8-7080] Parallel synthesis criteria is not met
---------------------------------------------------------------------------------
Finished Cross Boundary and Area Optimization : Time (s): cpu = 00:00:16 ; elapsed = 00:00:23 . Memory (MB): peak = 2243.605 ; gain = 566.270 ; free physical = 2043 ; free virtual = 5911
Synthesis current peak Physical Memory [PSS] (MB): peak = 1275.435; parent = 1153.152; children = 122.282
Synthesis current peak Virtual Memory [VSS] (MB): peak = 3160.277; parent = 2211.594; children = 948.684
---------------------------------------------------------------------------------
---------------------------------------------------------------------------------
Start Applying XDC Timing Constraints
---------------------------------------------------------------------------------
---------------------------------------------------------------------------------
Finished Applying XDC Timing Constraints : Time (s): cpu = 00:00:22 ; elapsed = 00:00:30 . Memory (MB): peak = 2243.605 ; gain = 566.270 ; free physical = 1890 ; free virtual = 6181
Synthesis current peak Physical Memory [PSS] (MB): peak = 1313.022; parent = 1190.839; children = 122.282
Synthesis current peak Virtual Memory [VSS] (MB): peak = 3160.277; parent = 2211.594; children = 948.684
---------------------------------------------------------------------------------
---------------------------------------------------------------------------------
Start Timing Optimization
---------------------------------------------------------------------------------
---------------------------------------------------------------------------------
Finished Timing Optimization : Time (s): cpu = 00:00:22 ; elapsed = 00:00:30 . Memory (MB): peak = 2243.605 ; gain = 566.270 ; free physical = 1850 ; free virtual = 6141
Synthesis current peak Physical Memory [PSS] (MB): peak = 1313.110; parent = 1190.927; children = 122.282
Synthesis current peak Virtual Memory [VSS] (MB): peak = 3160.277; parent = 2211.594; children = 948.684
---------------------------------------------------------------------------------
---------------------------------------------------------------------------------
Start Technology Mapping
---------------------------------------------------------------------------------
---------------------------------------------------------------------------------
Finished Technology Mapping : Time (s): cpu = 00:00:22 ; elapsed = 00:00:30 . Memory (MB): peak = 2243.605 ; gain = 566.270 ; free physical = 1795 ; free virtual = 6086
Synthesis current peak Physical Memory [PSS] (MB): peak = 1313.230; parent = 1191.047; children = 122.282
Synthesis current peak Virtual Memory [VSS] (MB): peak = 3160.277; parent = 2211.594; children = 948.684
---------------------------------------------------------------------------------
---------------------------------------------------------------------------------
Start IO Insertion
---------------------------------------------------------------------------------
---------------------------------------------------------------------------------
Start Flattening Before IO Insertion
---------------------------------------------------------------------------------
---------------------------------------------------------------------------------
Finished Flattening Before IO Insertion
---------------------------------------------------------------------------------
---------------------------------------------------------------------------------
Start Final Netlist Cleanup
---------------------------------------------------------------------------------
---------------------------------------------------------------------------------
Finished Final Netlist Cleanup
---------------------------------------------------------------------------------
---------------------------------------------------------------------------------
Finished IO Insertion : Time (s): cpu = 00:00:27 ; elapsed = 00:00:35 . Memory (MB): peak = 2243.605 ; gain = 566.270 ; free physical = 1110 ; free virtual = 5456
Synthesis current peak Physical Memory [PSS] (MB): peak = 1313.285; parent = 1191.102; children = 122.282
Synthesis current peak Virtual Memory [VSS] (MB): peak = 3160.277; parent = 2211.594; children = 948.684
---------------------------------------------------------------------------------
---------------------------------------------------------------------------------
Start Renaming Generated Instances
---------------------------------------------------------------------------------
---------------------------------------------------------------------------------
Finished Renaming Generated Instances : Time (s): cpu = 00:00:27 ; elapsed = 00:00:35 . Memory (MB): peak = 2243.605 ; gain = 566.270 ; free physical = 1109 ; free virtual = 5454
Synthesis current peak Physical Memory [PSS] (MB): peak = 1313.285; parent = 1191.102; children = 122.282
Synthesis current peak Virtual Memory [VSS] (MB): peak = 3160.277; parent = 2211.594; children = 948.684
---------------------------------------------------------------------------------
---------------------------------------------------------------------------------
Start Rebuilding User Hierarchy
---------------------------------------------------------------------------------
---------------------------------------------------------------------------------
Finished Rebuilding User Hierarchy : Time (s): cpu = 00:00:27 ; elapsed = 00:00:35 . Memory (MB): peak = 2243.605 ; gain = 566.270 ; free physical = 1107 ; free virtual = 5453
Synthesis current peak Physical Memory [PSS] (MB): peak = 1313.285; parent = 1191.102; children = 122.282
Synthesis current peak Virtual Memory [VSS] (MB): peak = 3160.277; parent = 2211.594; children = 948.684
---------------------------------------------------------------------------------
---------------------------------------------------------------------------------
Start Renaming Generated Ports
---------------------------------------------------------------------------------
---------------------------------------------------------------------------------
Finished Renaming Generated Ports : Time (s): cpu = 00:00:27 ; elapsed = 00:00:35 . Memory (MB): peak = 2243.605 ; gain = 566.270 ; free physical = 1105 ; free virtual = 5451
Synthesis current peak Physical Memory [PSS] (MB): peak = 1313.285; parent = 1191.102; children = 122.282
Synthesis current peak Virtual Memory [VSS] (MB): peak = 3160.277; parent = 2211.594; children = 948.684
---------------------------------------------------------------------------------
---------------------------------------------------------------------------------
Start Handling Custom Attributes
---------------------------------------------------------------------------------
---------------------------------------------------------------------------------
Finished Handling Custom Attributes : Time (s): cpu = 00:00:27 ; elapsed = 00:00:35 . Memory (MB): peak = 2243.605 ; gain = 566.270 ; free physical = 1103 ; free virtual = 5449
Synthesis current peak Physical Memory [PSS] (MB): peak = 1313.285; parent = 1191.102; children = 122.282
Synthesis current peak Virtual Memory [VSS] (MB): peak = 3160.277; parent = 2211.594; children = 948.684
---------------------------------------------------------------------------------
---------------------------------------------------------------------------------
Start Renaming Generated Nets
---------------------------------------------------------------------------------
---------------------------------------------------------------------------------
Finished Renaming Generated Nets : Time (s): cpu = 00:00:27 ; elapsed = 00:00:35 . Memory (MB): peak = 2243.605 ; gain = 566.270 ; free physical = 1101 ; free virtual = 5447
Synthesis current peak Physical Memory [PSS] (MB): peak = 1313.285; parent = 1191.102; children = 122.282
Synthesis current peak Virtual Memory [VSS] (MB): peak = 3160.277; parent = 2211.594; children = 948.684
---------------------------------------------------------------------------------
---------------------------------------------------------------------------------
Start Writing Synthesis Report
---------------------------------------------------------------------------------

Report BlackBoxes: 
+-+--------------+----------+
| |BlackBox name |Instances |
+-+--------------+----------+
+-+--------------+----------+

Report Cell Usage: 
+------+-----+------+
|      |Cell |Count |
+------+-----+------+
|1     |LUT1 |     2|
|2     |LUT2 |     1|
|3     |FDCE |     2|
+------+-----+------+
---------------------------------------------------------------------------------
Finished Writing Synthesis Report : Time (s): cpu = 00:00:27 ; elapsed = 00:00:35 . Memory (MB): peak = 2243.605 ; gain = 566.270 ; free physical = 1097 ; free virtual = 5443
Synthesis current peak Physical Memory [PSS] (MB): peak = 1313.285; parent = 1191.102; children = 122.282
Synthesis current peak Virtual Memory [VSS] (MB): peak = 3160.277; parent = 2211.594; children = 948.684
---------------------------------------------------------------------------------
Synthesis finished with 0 errors, 0 critical warnings and 1 warnings.
Synthesis Optimization Runtime : Time (s): cpu = 00:00:25 ; elapsed = 00:00:33 . Memory (MB): peak = 2243.605 ; gain = 457.520 ; free physical = 1136 ; free virtual = 5483
Synthesis Optimization Complete : Time (s): cpu = 00:00:27 ; elapsed = 00:00:36 . Memory (MB): peak = 2243.605 ; gain = 566.270 ; free physical = 1137 ; free virtual = 5483
INFO: [Project 1-571] Translating synthesized netlist
Netlist sorting complete. Time (s): cpu = 00:00:00 ; elapsed = 00:00:00 . Memory (MB): peak = 2243.605 ; gain = 0.000 ; free physical = 1234 ; free virtual = 5581
INFO: [Project 1-570] Preparing netlist for logic optimization
INFO: [Opt 31-138] Pushed 0 inverter(s) to 0 load pin(s).
Netlist sorting complete. Time (s): cpu = 00:00:00 ; elapsed = 00:00:00 . Memory (MB): peak = 2243.605 ; gain = 0.000 ; free physical = 1456 ; free virtual = 5803
INFO: [Project 1-111] Unisim Transformation Summary:
No Unisim elements were transformed.

Synth Design complete, checksum: 16681a6b
INFO: [Common 17-83] Releasing license: Synthesis
26 Infos, 1 Warnings, 0 Critical Warnings and 0 Errors encountered.
synth_design completed successfully
synth_design: Time (s): cpu = 00:00:35 ; elapsed = 00:00:41 . Memory (MB): peak = 2243.605 ; gain = 848.699 ; free physical = 1628 ; free virtual = 5975
INFO: [Common 17-1381] The checkpoint '/media/guido/Acer/EBAZ4205_SDR_HDMI_PS2/Vivado/Vivado.runs/ebaz4205_DivideBy2N_0_0_synth_1/ebaz4205_DivideBy2N_0_0.dcp' has been generated.
INFO: [Coretcl 2-1648] Added synthesis output to IP cache for IP ebaz4205_DivideBy2N_0_0, cache-ID = fa64f649d8e1ae2f
INFO: [Common 17-1381] The checkpoint '/media/guido/Acer/EBAZ4205_SDR_HDMI_PS2/Vivado/Vivado.runs/ebaz4205_DivideBy2N_0_0_synth_1/ebaz4205_DivideBy2N_0_0.dcp' has been generated.
INFO: [runtcl-4] Executing : report_utilization -file ebaz4205_DivideBy2N_0_0_utilization_synth.rpt -pb ebaz4205_DivideBy2N_0_0_utilization_synth.pb
INFO: [Common 17-206] Exiting Vivado at Sat Feb 18 17:56:34 2023...
