Copyright 1986-2022 Xilinx, Inc. All Rights Reserved.
------------------------------------------------------------------------------------
| Tool Version : Vivado v.2022.2 (lin64) Build 3671981 Fri Oct 14 04:59:54 MDT 2022
| Date         : Tue Mar 21 10:37:05 2023
| Host         : guido-UM690 running 64-bit Ubuntu 20.04.5 LTS
| Command      : upgrade_ip
| Device       : xc7z010clg400-1
------------------------------------------------------------------------------------

Upgrade Log for IP 'ebaz4205_ps2_mouse_0_0'

1. Summary
----------

SUCCESS in the upgrade of ebaz4205_ps2_mouse_0_0 (xilinx.com:user:ps2_mouse:1.0) from (Rev. 30) to (Rev. 31)






Copyright 1986-2022 Xilinx, Inc. All Rights Reserved.
------------------------------------------------------------------------------------
| Tool Version : Vivado v.2022.2 (lin64) Build 3671981 Fri Oct 14 04:59:54 MDT 2022
| Date         : Mon Mar 20 21:26:46 2023
| Host         : guido-UM690 running 64-bit Ubuntu 20.04.5 LTS
| Command      : upgrade_ip
| Device       : xc7z010clg400-1
------------------------------------------------------------------------------------

Upgrade Log for IP 'ebaz4205_axis_capture_0_4'

1. Summary
----------

SUCCESS in the upgrade of ebaz4205_axis_capture_0_4 (xilinx.com:user:axis_capture:1.0) from (Rev. 6) to (Rev. 7)






Copyright 1986-2022 Xilinx, Inc. All Rights Reserved.
------------------------------------------------------------------------------------
| Tool Version : Vivado v.2022.2 (lin64) Build 3671981 Fri Oct 14 04:59:54 MDT 2022
| Date         : Mon Mar 20 21:09:23 2023
| Host         : guido-UM690 running 64-bit Ubuntu 20.04.5 LTS
| Command      : upgrade_ip
| Device       : xc7z010clg400-1
------------------------------------------------------------------------------------

Upgrade Log for IP 'ebaz4205_ps2_mouse_0_0'

1. Summary
----------

SUCCESS in the upgrade of ebaz4205_ps2_mouse_0_0 (xilinx.com:user:ps2_mouse:1.0) from (Rev. 32) to (Rev. 30)






Copyright 1986-2022 Xilinx, Inc. All Rights Reserved.
------------------------------------------------------------------------------------
| Tool Version : Vivado v.2022.2 (lin64) Build 3671981 Fri Oct 14 04:59:54 MDT 2022
| Date         : Mon Mar 20 21:06:43 2023
| Host         : guido-UM690 running 64-bit Ubuntu 20.04.5 LTS
| Command      : upgrade_ip
| Device       : xc7z010clg400-1
------------------------------------------------------------------------------------

Upgrade Log for IP 'ebaz4205_ps2_mouse_0_0'

1. Summary
----------

SUCCESS in the conversion of ebaz4205_ps2_mouse_0_0 (xilinx.com:user:ps2_mouse:1.0 (Rev. 32)) to Vivado generation flows.






Copyright 1986-2022 Xilinx, Inc. All Rights Reserved.
------------------------------------------------------------------------------------
| Tool Version : Vivado v.2022.2 (lin64) Build 3671981 Fri Oct 14 04:59:54 MDT 2022
| Date         : Mon Mar 20 21:05:25 2023
| Host         : guido-UM690 running 64-bit Ubuntu 20.04.5 LTS
| Command      : upgrade_ip
| Device       : xc7z010clg400-1
------------------------------------------------------------------------------------

Upgrade Log for IP 'ebaz4205_ps2_mouse_0_0'

1. Summary
----------

SUCCESS in the upgrade of ebaz4205_ps2_mouse_0_0 (xilinx.com:user:ps2_mouse:1.0) from (Rev. 31) to (Rev. 32)






Copyright 1986-2022 Xilinx, Inc. All Rights Reserved.
------------------------------------------------------------------------------------
| Tool Version : Vivado v.2022.2 (lin64) Build 3671981 Fri Oct 14 04:59:54 MDT 2022
| Date         : Mon Mar 20 21:01:59 2023
| Host         : guido-UM690 running 64-bit Ubuntu 20.04.5 LTS
| Command      : upgrade_ip
| Device       : xc7z010clg400-1
------------------------------------------------------------------------------------

Upgrade Log for IP 'ebaz4205_ps2_mouse_0_0'

1. Summary
----------

SUCCESS in the upgrade of ebaz4205_ps2_mouse_0_0 (xilinx.com:user:ps2_mouse:1.0) from (Rev. 30) to (Rev. 31)

