INFO: [VRFC 10-2263] Analyzing Verilog file "D:/EBAZ4205_SDR_HDMI/Zynq/capture-test/capture-test.srcs/sources_1/new/DivideBy2N.v" into library xil_defaultlib
INFO: [VRFC 10-311] analyzing module DivideBy2N
INFO: [VRFC 10-2263] Analyzing Verilog file "D:/EBAZ4205_SDR_HDMI/Zynq/capture-test/capture-test.srcs/sources_1/new/I2S_Transmitter.v" into library xil_defaultlib
INFO: [VRFC 10-311] analyzing module I2S_Transmitter
INFO: [VRFC 10-2263] Analyzing Verilog file "D:/EBAZ4205_SDR_HDMI/Zynq/capture-test/capture-test.ip_user_files/bd/ebaz4205/ip/ebaz4205_xlslice_0_0/sim/ebaz4205_xlslice_0_0.v" into library xil_defaultlib
INFO: [VRFC 10-311] analyzing module ebaz4205_xlslice_0_0
INFO: [VRFC 10-2263] Analyzing Verilog file "D:/EBAZ4205_SDR_HDMI/Zynq/capture-test/capture-test.ip_user_files/bd/ebaz4205/ip/ebaz4205_processing_system7_0_0/sim/ebaz4205_processing_system7_0_0.v" into library xil_defaultlib
INFO: [VRFC 10-311] analyzing module ebaz4205_processing_system7_0_0
INFO: [VRFC 10-2263] Analyzing Verilog file "D:/EBAZ4205_SDR_HDMI/Zynq/capture-test/capture-test.ip_user_files/bd/ebaz4205/ip/ebaz4205_xlconcat_0_0/sim/ebaz4205_xlconcat_0_0.v" into library xil_defaultlib
INFO: [VRFC 10-311] analyzing module ebaz4205_xlconcat_0_0
INFO: [VRFC 10-2263] Analyzing Verilog file "D:/EBAZ4205_SDR_HDMI/Zynq/capture-test/capture-test.ip_user_files/bd/ebaz4205/ip/ebaz4205_xbar_0/sim/ebaz4205_xbar_0.v" into library xil_defaultlib
INFO: [VRFC 10-311] analyzing module ebaz4205_xbar_0
INFO: [VRFC 10-2263] Analyzing Verilog file "D:/EBAZ4205_SDR_HDMI/Zynq/capture-test/capture-test.ip_user_files/bd/ebaz4205/ip/ebaz4205_DivideBy2N_0_0/sim/ebaz4205_DivideBy2N_0_0.v" into library xil_defaultlib
INFO: [VRFC 10-311] analyzing module ebaz4205_DivideBy2N_0_0
INFO: [VRFC 10-2263] Analyzing Verilog file "D:/EBAZ4205_SDR_HDMI/Zynq/capture-test/capture-test.ip_user_files/bd/ebaz4205/ip/ebaz4205_xlconstant_0_2/sim/ebaz4205_xlconstant_0_2.v" into library xil_defaultlib
INFO: [VRFC 10-311] analyzing module ebaz4205_xlconstant_0_2
INFO: [VRFC 10-2263] Analyzing Verilog file "D:/EBAZ4205_SDR_HDMI/Zynq/capture-test/capture-test.ip_user_files/bd/ebaz4205/ip/ebaz4205_xlconcat_1_0/sim/ebaz4205_xlconcat_1_0.v" into library xil_defaultlib
INFO: [VRFC 10-311] analyzing module ebaz4205_xlconcat_1_0
INFO: [VRFC 10-2263] Analyzing Verilog file "D:/EBAZ4205_SDR_HDMI/Zynq/capture-test/capture-test.ip_user_files/bd/ebaz4205/ip/ebaz4205_xlconstant_0_0/sim/ebaz4205_xlconstant_0_0.v" into library xil_defaultlib
INFO: [VRFC 10-311] analyzing module ebaz4205_xlconstant_0_0
INFO: [VRFC 10-2263] Analyzing Verilog file "D:/EBAZ4205_SDR_HDMI/Zynq/capture-test/capture-test.ip_user_files/bd/ebaz4205/ip/ebaz4205_xlconstant_2_0/sim/ebaz4205_xlconstant_2_0.v" into library xil_defaultlib
INFO: [VRFC 10-311] analyzing module ebaz4205_xlconstant_2_0
INFO: [VRFC 10-2263] Analyzing Verilog file "D:/EBAZ4205_SDR_HDMI/Zynq/capture-test/capture-test.ip_user_files/bd/ebaz4205/ip/ebaz4205_axis_mux_0_0/sim/ebaz4205_axis_mux_0_0.v" into library xil_defaultlib
INFO: [VRFC 10-311] analyzing module ebaz4205_axis_mux_0_0
INFO: [VRFC 10-2263] Analyzing Verilog file "D:/EBAZ4205_SDR_HDMI/Zynq/capture-test/capture-test.ip_user_files/bd/ebaz4205/ip/ebaz4205_xlconcat_2_0/sim/ebaz4205_xlconcat_2_0.v" into library xil_defaultlib
INFO: [VRFC 10-311] analyzing module ebaz4205_xlconcat_2_0
INFO: [VRFC 10-2263] Analyzing Verilog file "D:/EBAZ4205_SDR_HDMI/Zynq/capture-test/capture-test.ip_user_files/bd/ebaz4205/ip/ebaz4205_xlconstant_3_0/sim/ebaz4205_xlconstant_3_0.v" into library xil_defaultlib
INFO: [VRFC 10-311] analyzing module ebaz4205_xlconstant_3_0
INFO: [VRFC 10-2263] Analyzing Verilog file "D:/EBAZ4205_SDR_HDMI/Zynq/capture-test/capture-test.ip_user_files/bd/ebaz4205/ip/ebaz4205_dds_axi_interface_0_2/sim/ebaz4205_dds_axi_interface_0_2.v" into library xil_defaultlib
INFO: [VRFC 10-311] analyzing module ebaz4205_dds_axi_interface_0_2
INFO: [VRFC 10-2263] Analyzing Verilog file "D:/EBAZ4205_SDR_HDMI/Zynq/capture-test/capture-test.ip_user_files/bd/ebaz4205/ip/ebaz4205_xlconstant_2_3/sim/ebaz4205_xlconstant_2_3.v" into library xil_defaultlib
INFO: [VRFC 10-311] analyzing module ebaz4205_xlconstant_2_3
INFO: [VRFC 10-2263] Analyzing Verilog file "D:/EBAZ4205_SDR_HDMI/Zynq/capture-test/capture-test.ip_user_files/bd/ebaz4205/ip/ebaz4205_xlslice_1_0/sim/ebaz4205_xlslice_1_0.v" into library xil_defaultlib
INFO: [VRFC 10-311] analyzing module ebaz4205_xlslice_1_0
INFO: [VRFC 10-2263] Analyzing Verilog file "D:/EBAZ4205_SDR_HDMI/Zynq/capture-test/capture-test.ip_user_files/bd/ebaz4205/ip/ebaz4205_xlconstant_1_0/sim/ebaz4205_xlconstant_1_0.v" into library xil_defaultlib
INFO: [VRFC 10-311] analyzing module ebaz4205_xlconstant_1_0
INFO: [VRFC 10-2263] Analyzing Verilog file "D:/EBAZ4205_SDR_HDMI/Zynq/capture-test/capture-test.ip_user_files/bd/ebaz4205/ip/ebaz4205_dds_axi_interface_0_0/sim/ebaz4205_dds_axi_interface_0_0.v" into library xil_defaultlib
INFO: [VRFC 10-311] analyzing module ebaz4205_dds_axi_interface_0_0
INFO: [VRFC 10-2263] Analyzing Verilog file "D:/EBAZ4205_SDR_HDMI/Zynq/capture-test/capture-test.ip_user_files/bd/ebaz4205/ip/ebaz4205_xlconstant_2_1/sim/ebaz4205_xlconstant_2_1.v" into library xil_defaultlib
INFO: [VRFC 10-311] analyzing module ebaz4205_xlconstant_2_1
INFO: [VRFC 10-2263] Analyzing Verilog file "D:/EBAZ4205_SDR_HDMI/Zynq/capture-test/capture-test.ip_user_files/bd/ebaz4205/ip/ebaz4205_xlslice_sin_0/sim/ebaz4205_xlslice_sin_0.v" into library xil_defaultlib
INFO: [VRFC 10-311] analyzing module ebaz4205_xlslice_sin_0
INFO: [VRFC 10-2263] Analyzing Verilog file "D:/EBAZ4205_SDR_HDMI/Zynq/capture-test/capture-test.ip_user_files/bd/ebaz4205/ip/ebaz4205_xlslice_0_3/sim/ebaz4205_xlslice_0_3.v" into library xil_defaultlib
INFO: [VRFC 10-311] analyzing module ebaz4205_xlslice_0_3
INFO: [VRFC 10-2263] Analyzing Verilog file "D:/EBAZ4205_SDR_HDMI/Zynq/capture-test/capture-test.ip_user_files/bd/ebaz4205/ip/ebaz4205_xlslice_0_4/sim/ebaz4205_xlslice_0_4.v" into library xil_defaultlib
INFO: [VRFC 10-311] analyzing module ebaz4205_xlslice_0_4
INFO: [VRFC 10-2263] Analyzing Verilog file "D:/EBAZ4205_SDR_HDMI/Zynq/capture-test/capture-test.ip_user_files/bd/ebaz4205/ip/ebaz4205_sqrt32_0_0/sim/ebaz4205_sqrt32_0_0.v" into library xil_defaultlib
INFO: [VRFC 10-311] analyzing module ebaz4205_sqrt32_0_0
INFO: [VRFC 10-2263] Analyzing Verilog file "D:/EBAZ4205_SDR_HDMI/Zynq/capture-test/capture-test.ip_user_files/bd/ebaz4205/ip/ebaz4205_dds_axi_interface_0_1/sim/ebaz4205_dds_axi_interface_0_1.v" into library xil_defaultlib
INFO: [VRFC 10-311] analyzing module ebaz4205_dds_axi_interface_0_1
INFO: [VRFC 10-2263] Analyzing Verilog file "D:/EBAZ4205_SDR_HDMI/Zynq/capture-test/capture-test.ip_user_files/bd/ebaz4205/ip/ebaz4205_xlconstant_2_2/sim/ebaz4205_xlconstant_2_2.v" into library xil_defaultlib
INFO: [VRFC 10-311] analyzing module ebaz4205_xlconstant_2_2
INFO: [VRFC 10-2263] Analyzing Verilog file "D:/EBAZ4205_SDR_HDMI/Zynq/capture-test/capture-test.ip_user_files/bd/ebaz4205/ip/ebaz4205_axi_interface_DEC_RATE_Q_0/sim/ebaz4205_axi_interface_DEC_RATE_Q_0.v" into library xil_defaultlib
INFO: [VRFC 10-311] analyzing module ebaz4205_axi_interface_DEC_RATE_Q_0
INFO: [VRFC 10-2263] Analyzing Verilog file "D:/EBAZ4205_SDR_HDMI/Zynq/capture-test/capture-test.ip_user_files/bd/ebaz4205/ip/ebaz4205_xlconstant_0_1/sim/ebaz4205_xlconstant_0_1.v" into library xil_defaultlib
INFO: [VRFC 10-311] analyzing module ebaz4205_xlconstant_0_1
INFO: [VRFC 10-2263] Analyzing Verilog file "D:/EBAZ4205_SDR_HDMI/Zynq/capture-test/capture-test.ip_user_files/bd/ebaz4205/ip/ebaz4205_xlconcat_0_2/sim/ebaz4205_xlconcat_0_2.v" into library xil_defaultlib
INFO: [VRFC 10-311] analyzing module ebaz4205_xlconcat_0_2
INFO: [VRFC 10-2263] Analyzing Verilog file "D:/EBAZ4205_SDR_HDMI/Zynq/capture-test/capture-test.ip_user_files/bd/ebaz4205/ip/ebaz4205_DivideBy10_0/sim/ebaz4205_DivideBy10_0.v" into library xil_defaultlib
INFO: [VRFC 10-311] analyzing module ebaz4205_DivideBy10_0
INFO: [VRFC 10-2263] Analyzing Verilog file "D:/EBAZ4205_SDR_HDMI/Zynq/capture-test/capture-test.ip_user_files/bd/ebaz4205/ip/ebaz4205_xlconstant_1_1/sim/ebaz4205_xlconstant_1_1.v" into library xil_defaultlib
INFO: [VRFC 10-311] analyzing module ebaz4205_xlconstant_1_1
INFO: [VRFC 10-2263] Analyzing Verilog file "D:/EBAZ4205_SDR_HDMI/Zynq/capture-test/capture-test.ip_user_files/bd/ebaz4205/ip/ebaz4205_I2S_Transmitter_0_2/sim/ebaz4205_I2S_Transmitter_0_2.v" into library xil_defaultlib
INFO: [VRFC 10-311] analyzing module ebaz4205_I2S_Transmitter_0_2
INFO: [VRFC 10-2263] Analyzing Verilog file "D:/EBAZ4205_SDR_HDMI/Zynq/capture-test/capture-test.ip_user_files/bd/ebaz4205/ip/ebaz4205_xlconstant_0_3/sim/ebaz4205_xlconstant_0_3.v" into library xil_defaultlib
INFO: [VRFC 10-311] analyzing module ebaz4205_xlconstant_0_3
INFO: [VRFC 10-2263] Analyzing Verilog file "D:/EBAZ4205_SDR_HDMI/Zynq/capture-test/capture-test.gen/sources_1/bd/ebaz4205/ipshared/9097/src/mmcme2_drp.v" into library xil_defaultlib
INFO: [VRFC 10-311] analyzing module mmcme2_drp
INFO: [VRFC 10-2263] Analyzing Verilog file "D:/EBAZ4205_SDR_HDMI/Zynq/capture-test/capture-test.ip_user_files/bd/ebaz4205/ip/ebaz4205_axis_subset_converter_0_0/hdl/tdata_ebaz4205_axis_subset_converter_0_0.v" into library xil_defaultlib
INFO: [VRFC 10-311] analyzing module tdata_ebaz4205_axis_subset_converter_0_0
INFO: [VRFC 10-2263] Analyzing Verilog file "D:/EBAZ4205_SDR_HDMI/Zynq/capture-test/capture-test.ip_user_files/bd/ebaz4205/ip/ebaz4205_axis_subset_converter_0_0/hdl/tuser_ebaz4205_axis_subset_converter_0_0.v" into library xil_defaultlib
INFO: [VRFC 10-311] analyzing module tuser_ebaz4205_axis_subset_converter_0_0
INFO: [VRFC 10-2263] Analyzing Verilog file "D:/EBAZ4205_SDR_HDMI/Zynq/capture-test/capture-test.ip_user_files/bd/ebaz4205/ip/ebaz4205_axis_subset_converter_0_0/hdl/tstrb_ebaz4205_axis_subset_converter_0_0.v" into library xil_defaultlib
INFO: [VRFC 10-311] analyzing module tstrb_ebaz4205_axis_subset_converter_0_0
INFO: [VRFC 10-2263] Analyzing Verilog file "D:/EBAZ4205_SDR_HDMI/Zynq/capture-test/capture-test.ip_user_files/bd/ebaz4205/ip/ebaz4205_axis_subset_converter_0_0/hdl/tkeep_ebaz4205_axis_subset_converter_0_0.v" into library xil_defaultlib
INFO: [VRFC 10-311] analyzing module tkeep_ebaz4205_axis_subset_converter_0_0
INFO: [VRFC 10-2263] Analyzing Verilog file "D:/EBAZ4205_SDR_HDMI/Zynq/capture-test/capture-test.ip_user_files/bd/ebaz4205/ip/ebaz4205_axis_subset_converter_0_0/hdl/tid_ebaz4205_axis_subset_converter_0_0.v" into library xil_defaultlib
INFO: [VRFC 10-311] analyzing module tid_ebaz4205_axis_subset_converter_0_0
INFO: [VRFC 10-2263] Analyzing Verilog file "D:/EBAZ4205_SDR_HDMI/Zynq/capture-test/capture-test.ip_user_files/bd/ebaz4205/ip/ebaz4205_axis_subset_converter_0_0/hdl/tdest_ebaz4205_axis_subset_converter_0_0.v" into library xil_defaultlib
INFO: [VRFC 10-311] analyzing module tdest_ebaz4205_axis_subset_converter_0_0
INFO: [VRFC 10-2263] Analyzing Verilog file "D:/EBAZ4205_SDR_HDMI/Zynq/capture-test/capture-test.ip_user_files/bd/ebaz4205/ip/ebaz4205_axis_subset_converter_0_0/hdl/tlast_ebaz4205_axis_subset_converter_0_0.v" into library xil_defaultlib
INFO: [VRFC 10-311] analyzing module tlast_ebaz4205_axis_subset_converter_0_0
INFO: [VRFC 10-2263] Analyzing Verilog file "D:/EBAZ4205_SDR_HDMI/Zynq/capture-test/capture-test.ip_user_files/bd/ebaz4205/ip/ebaz4205_axis_subset_converter_0_0/hdl/top_ebaz4205_axis_subset_converter_0_0.v" into library xil_defaultlib
INFO: [VRFC 10-311] analyzing module top_ebaz4205_axis_subset_converter_0_0
INFO: [VRFC 10-2263] Analyzing Verilog file "D:/EBAZ4205_SDR_HDMI/Zynq/capture-test/capture-test.ip_user_files/bd/ebaz4205/ip/ebaz4205_axis_subset_converter_0_0/sim/ebaz4205_axis_subset_converter_0_0.v" into library xil_defaultlib
INFO: [VRFC 10-311] analyzing module ebaz4205_axis_subset_converter_0_0
INFO: [VRFC 10-2263] Analyzing Verilog file "D:/EBAZ4205_SDR_HDMI/Zynq/capture-test/capture-test.ip_user_files/bd/ebaz4205/ip/ebaz4205_v_axi4s_vid_out_0_1/sim/ebaz4205_v_axi4s_vid_out_0_1.v" into library xil_defaultlib
INFO: [VRFC 10-311] analyzing module ebaz4205_v_axi4s_vid_out_0_1
INFO: [VRFC 10-2263] Analyzing Verilog file "D:/EBAZ4205_SDR_HDMI/Zynq/capture-test/capture-test.ip_user_files/bd/ebaz4205/ip/ebaz4205_xlconcat_0_3/sim/ebaz4205_xlconcat_0_3.v" into library xil_defaultlib
INFO: [VRFC 10-311] analyzing module ebaz4205_xlconcat_0_3
INFO: [VRFC 10-2263] Analyzing Verilog file "D:/EBAZ4205_SDR_HDMI/Zynq/capture-test/capture-test.ip_user_files/bd/ebaz4205/ip/ebaz4205_DivideBy2N_0_1/sim/ebaz4205_DivideBy2N_0_1.v" into library xil_defaultlib
INFO: [VRFC 10-311] analyzing module ebaz4205_DivideBy2N_0_1
INFO: [VRFC 10-2263] Analyzing Verilog file "D:/EBAZ4205_SDR_HDMI/Zynq/capture-test/capture-test.ip_user_files/bd/ebaz4205/sim/ebaz4205.v" into library xil_defaultlib
INFO: [VRFC 10-311] analyzing module ADC_TestGen_imp_QGE54V
INFO: [VRFC 10-311] analyzing module AM_demodulator_imp_UCGGQS
INFO: [VRFC 10-311] analyzing module ComplexMult_imp_2GTPFV
INFO: [VRFC 10-311] analyzing module DDC_imp_9GECP5
INFO: [VRFC 10-311] analyzing module FILTER_imp_WBNR09
INFO: [VRFC 10-311] analyzing module HDMI_imp_1WM3X9Z
INFO: [VRFC 10-311] analyzing module I2S_imp_1GQSHGG
INFO: [VRFC 10-311] analyzing module LO_imp_1P3EDMO
INFO: [VRFC 10-311] analyzing module PS_imp_1B1U9UK
INFO: [VRFC 10-311] analyzing module TestGen_imp_12Z2PFB
INFO: [VRFC 10-311] analyzing module ebaz4205
INFO: [VRFC 10-311] analyzing module ebaz4205_axi_interconnect_0_0
INFO: [VRFC 10-311] analyzing module ebaz4205_axi_interconnect_0_1
INFO: [VRFC 10-311] analyzing module m00_couplers_imp_18OUB6N
INFO: [VRFC 10-311] analyzing module m01_couplers_imp_LPPMGU
INFO: [VRFC 10-311] analyzing module m02_couplers_imp_19PTQCC
INFO: [VRFC 10-311] analyzing module m03_couplers_imp_KZ096L
INFO: [VRFC 10-311] analyzing module m04_couplers_imp_1BD9HQX
INFO: [VRFC 10-311] analyzing module m05_couplers_imp_JEDPTK
INFO: [VRFC 10-311] analyzing module m06_couplers_imp_1CO96E2
INFO: [VRFC 10-311] analyzing module m07_couplers_imp_HTQA2J
INFO: [VRFC 10-311] analyzing module m08_couplers_imp_1EKI13N
INFO: [VRFC 10-311] analyzing module m09_couplers_imp_OPRMR6
INFO: [VRFC 10-311] analyzing module m10_couplers_imp_X04ITJ
INFO: [VRFC 10-311] analyzing module s00_couplers_imp_11ZHQ1C
INFO: [VRFC 10-311] analyzing module s00_couplers_imp_OGT7Q5
INFO: [VRFC 10-2263] Analyzing Verilog file "D:/EBAZ4205_SDR_HDMI/Zynq/capture-test/capture-test.ip_user_files/bd/ebaz4205/ip/ebaz4205_auto_pc_0/sim/ebaz4205_auto_pc_0.v" into library xil_defaultlib
INFO: [VRFC 10-311] analyzing module ebaz4205_auto_pc_0
INFO: [VRFC 10-2263] Analyzing Verilog file "D:/EBAZ4205_SDR_HDMI/Zynq/capture-test/capture-test.ip_user_files/bd/ebaz4205/ip/ebaz4205_auto_cc_0/sim/ebaz4205_auto_cc_0.v" into library xil_defaultlib
INFO: [VRFC 10-311] analyzing module ebaz4205_auto_cc_0
INFO: [VRFC 10-2263] Analyzing Verilog file "D:/EBAZ4205_SDR_HDMI/Zynq/capture-test/capture-test.ip_user_files/bd/ebaz4205/ip/ebaz4205_auto_cc_1/sim/ebaz4205_auto_cc_1.v" into library xil_defaultlib
INFO: [VRFC 10-311] analyzing module ebaz4205_auto_cc_1
INFO: [VRFC 10-2263] Analyzing Verilog file "D:/EBAZ4205_SDR_HDMI/Zynq/capture-test/capture-test.ip_user_files/bd/ebaz4205/ip/ebaz4205_auto_cc_2/sim/ebaz4205_auto_cc_2.v" into library xil_defaultlib
INFO: [VRFC 10-311] analyzing module ebaz4205_auto_cc_2
INFO: [VRFC 10-2263] Analyzing Verilog file "D:/EBAZ4205_SDR_HDMI/Zynq/capture-test/capture-test.ip_user_files/bd/ebaz4205/ip/ebaz4205_auto_cc_3/sim/ebaz4205_auto_cc_3.v" into library xil_defaultlib
INFO: [VRFC 10-311] analyzing module ebaz4205_auto_cc_3
INFO: [VRFC 10-2263] Analyzing Verilog file "D:/EBAZ4205_SDR_HDMI/Zynq/capture-test/capture-test.ip_user_files/bd/ebaz4205/ip/ebaz4205_auto_cc_4/sim/ebaz4205_auto_cc_4.v" into library xil_defaultlib
INFO: [VRFC 10-311] analyzing module ebaz4205_auto_cc_4
INFO: [VRFC 10-2263] Analyzing Verilog file "D:/EBAZ4205_SDR_HDMI/Zynq/capture-test/capture-test.ip_user_files/bd/ebaz4205/ip/ebaz4205_s00_regslice_0/sim/ebaz4205_s00_regslice_0.v" into library xil_defaultlib
INFO: [VRFC 10-311] analyzing module ebaz4205_s00_regslice_0
INFO: [VRFC 10-2263] Analyzing Verilog file "D:/EBAZ4205_SDR_HDMI/Zynq/capture-test/capture-test.ip_user_files/bd/ebaz4205/ip/ebaz4205_s00_data_fifo_0/sim/ebaz4205_s00_data_fifo_0.v" into library xil_defaultlib
INFO: [VRFC 10-311] analyzing module ebaz4205_s00_data_fifo_0
INFO: [VRFC 10-2263] Analyzing Verilog file "D:/EBAZ4205_SDR_HDMI/Zynq/capture-test/capture-test.ip_user_files/bd/ebaz4205/ip/ebaz4205_auto_pc_1/sim/ebaz4205_auto_pc_1.v" into library xil_defaultlib
INFO: [VRFC 10-311] analyzing module ebaz4205_auto_pc_1
INFO: [VRFC 10-2263] Analyzing Verilog file "D:/EBAZ4205_SDR_HDMI/Zynq/capture-test/capture-test.gen/sources_1/bd/ebaz4205/hdl/ebaz4205_wrapper.v" into library xil_defaultlib
INFO: [VRFC 10-311] analyzing module ebaz4205_wrapper
